 
  * * * * * * * PROGRAM ZCROSS * * * * * * * *
  * *
  * M.J. KRAFFT *
  * *
  * *
  * Zero Up-Crossing Analysis *
  * *
  * * * * * * * * * * * * * * * * * * * * * * *
 
 
  * * * * * * * * INPUT DATA * * * * * * * * *
 
  INPUT TIME SERIES ANALYZED: gA-f203.in  
  NUMBER OF POINTS IN SERIES:         9491
  TIME SERIES TIME STEP :   0.2030000      SEC
  TIME SERIES RECORD LENGTH :    1926.470      SEC
 
  Notes: -mean of time series has been removed.
  -except for computation of mean of input
  time series, data prior to first up-
  crossing and data after last up-crossing
  has been ignored in z-cross analysis.
 
  * * * Z-CROSS WAVE HEIGHT/PERIOD DATA * * * *
 
 INDEX   HEIGHT    PERIOD     CREST HEIGHT   TROUGH DEPTH
     1    0.0039    2.2330     0.0012         -0.0027
     2    0.0048    4.8720     0.0023         -0.0025
     3    0.0055    2.4360     0.0030         -0.0025
     4    0.0047    2.0300     0.0030         -0.0017
     5    0.0027    1.8270     0.0007         -0.0020
     6    0.0035    2.0300     0.0022         -0.0013
     7    0.0010    1.4210     0.0003         -0.0007
     8    0.0020    4.0600     0.0015         -0.0006
     9    0.0060    4.0600     0.0024         -0.0036
    10    0.0052    2.8420     0.0037         -0.0015
    11    0.0055    2.0300     0.0023         -0.0033
    12    0.0056    1.8270     0.0018         -0.0038
    13    0.0057    1.6240     0.0037         -0.0020
    14    0.0077    3.6540     0.0042         -0.0035
    15    0.0048    3.2480     0.0027         -0.0022
    16    0.0068    3.6540     0.0039         -0.0029
    17    0.0029    2.2330     0.0014         -0.0015
    18    0.0022    4.2630     0.0012         -0.0010
    19    0.0034    2.0300     0.0012         -0.0022
    20    0.0033    2.0300     0.0018         -0.0014
    21    0.0038    4.4660     0.0022         -0.0016
    22    0.0010    1.4210     0.0003         -0.0007
    23    0.0056    2.4360     0.0032         -0.0024
    24    0.0023    1.6240     0.0006         -0.0018
    25    0.0027    2.2330     0.0022         -0.0005
    26    0.0030    4.0600     0.0007         -0.0022
    27    0.0051    2.0300     0.0013         -0.0038
    28    0.0073    2.0300     0.0041         -0.0032
    29    0.0050    2.2330     0.0035         -0.0015
    30    0.0038    3.2480     0.0015         -0.0023
    31    0.0019    1.4210     0.0008         -0.0011
    32    0.0085    2.2330     0.0038         -0.0047
    33    0.0066    2.2330     0.0043         -0.0024
    34    0.0029    1.6240     0.0007         -0.0022
    35    0.0047    2.2330     0.0024         -0.0023
    36    0.0045    4.2630     0.0023         -0.0022
    37    0.0016    2.0300     0.0008         -0.0008
    38    0.0034    3.2480     0.0018         -0.0016
    39    0.0005    1.0150     0.0002         -0.0002
    40    0.0020    3.0450     0.0009         -0.0011
    41    0.0070    2.6390     0.0030         -0.0040
    42    0.0024    1.4210     0.0012         -0.0013
    43    0.0059    1.8270     0.0025         -0.0034
    44    0.0081    2.0300     0.0051         -0.0030
    45    0.0088    1.8270     0.0034         -0.0054
    46    0.0058    1.8270     0.0034         -0.0024
    47    0.0025    1.6240     0.0015         -0.0010
    48    0.0024    2.8420     0.0010         -0.0014
    49    0.0024    1.8270     0.0011         -0.0013
    50    0.0041    1.8270     0.0023         -0.0018
    51    0.0072    2.0300     0.0025         -0.0047
    52    0.0060    1.8270     0.0030         -0.0030
    53    0.0043    6.6990     0.0030         -0.0014
    54    0.0038    2.2330     0.0023         -0.0016
    55    0.0052    2.0300     0.0024         -0.0028
    56    0.0057    2.0300     0.0032         -0.0024
    57    0.0032    1.8270     0.0014         -0.0018
    58    0.0025    2.8420     0.0008         -0.0016
    59    0.0023    2.0300     0.0016         -0.0007
    60    0.0019    1.6240     0.0013         -0.0005
    61    0.0053    2.2330     0.0014         -0.0040
    62    0.0075    3.0450     0.0050         -0.0025
    63    0.0018    3.0450     0.0006         -0.0012
    64    0.0014    1.8270     0.0005         -0.0009
    65    0.0037    2.6390     0.0021         -0.0016
    66    0.0030    2.2330     0.0021         -0.0009
    67    0.0033    1.6240     0.0008         -0.0024
    68    0.0057    2.0300     0.0021         -0.0036
    69    0.0076    1.8270     0.0035         -0.0041
    70    0.0055    2.2330     0.0036         -0.0019
    71    0.0015    2.4360     0.0001         -0.0013
    72    0.0080    2.2330     0.0043         -0.0038
    73    0.0067    1.8270     0.0025         -0.0042
    74    0.0060    2.8420     0.0038         -0.0022
    75    0.0029    1.8270     0.0012         -0.0018
    76    0.0052    1.8270     0.0024         -0.0027
    77    0.0059    2.0300     0.0034         -0.0024
    78    0.0032    1.4210     0.0004         -0.0027
    79    0.0072    2.0300     0.0040         -0.0032
    80    0.0047    2.2330     0.0031         -0.0016
    81    0.0007    1.4210     0.0000         -0.0006
    82    0.0054    3.4510     0.0018         -0.0036
    83    0.0047    2.8420     0.0030         -0.0017
    84    0.0047    4.2630     0.0021         -0.0026
    85    0.0064    2.6390     0.0040         -0.0023
    86    0.0043    1.8270     0.0024         -0.0019
    87    0.0032    1.8270     0.0012         -0.0020
    88    0.0024    3.4510     0.0016         -0.0008
    89    0.0014    2.8420     0.0008         -0.0006
    90    0.0020    2.4360     0.0001         -0.0019
    91    0.0064    2.2330     0.0033         -0.0031
    92    0.0045    2.2330     0.0029         -0.0016
    93    0.0009    1.4210     0.0003         -0.0006
    94    0.0027    2.2330     0.0011         -0.0016
    95    0.0051    2.4360     0.0028         -0.0024
    96    0.0034    1.8270     0.0018         -0.0016
    97    0.0043    1.6240     0.0006         -0.0038
    98    0.0049    1.8270     0.0033         -0.0016
    99    0.0038    1.6240     0.0020         -0.0018
   100    0.0048    1.8270     0.0026         -0.0022
   101    0.0068    2.0300     0.0030         -0.0038
   102    0.0074    2.4360     0.0041         -0.0033
   103    0.0050    2.0300     0.0018         -0.0032
   104    0.0037    3.4510     0.0027         -0.0009
   105    0.0055    3.2480     0.0015         -0.0041
   106    0.0068    2.2330     0.0043         -0.0024
   107    0.0016    1.2180     0.0005         -0.0011
   108    0.0108    2.4360     0.0049         -0.0059
   109    0.0078    1.8270     0.0030         -0.0048
   110    0.0075    2.0300     0.0049         -0.0026
   111    0.0038    1.8270     0.0013         -0.0024
   112    0.0042    2.6390     0.0025         -0.0016
   113    0.0059    2.2330     0.0028         -0.0031
   114    0.0064    2.2330     0.0030         -0.0034
   115    0.0038    4.2630     0.0019         -0.0020
   116    0.0043    2.0300     0.0013         -0.0030
   117    0.0040    1.6240     0.0026         -0.0015
   118    0.0066    5.2780     0.0034         -0.0032
   119    0.0050    3.4510     0.0023         -0.0026
   120    0.0043    2.8420     0.0013         -0.0029
   121    0.0040    1.6240     0.0033         -0.0008
   122    0.0049    2.2330     0.0020         -0.0029
   123    0.0033    1.4210     0.0009         -0.0024
   124    0.0049    2.0300     0.0031         -0.0019
   125    0.0041    4.2630     0.0023         -0.0018
   126    0.0029    1.8270     0.0010         -0.0019
   127    0.0070    2.2330     0.0036         -0.0033
   128    0.0064    2.6390     0.0038         -0.0027
   129    0.0035    1.8270     0.0013         -0.0022
   130    0.0053    1.8270     0.0019         -0.0034
   131    0.0079    1.8270     0.0035         -0.0044
   132    0.0049    1.6240     0.0034         -0.0015
   133    0.0042    1.8270     0.0025         -0.0017
   134    0.0030    2.0300     0.0016         -0.0014
   135    0.0008    1.0150     0.0003         -0.0005
   136    0.0056    2.4360     0.0026         -0.0031
   137    0.0034    1.8270     0.0020         -0.0015
   138    0.0042    3.2480     0.0030         -0.0012
   139    0.0033    1.8270     0.0025         -0.0008
   140    0.0048    3.2480     0.0041         -0.0007
   141    0.0019    1.8270     0.0003         -0.0015
   142    0.0036    4.8720     0.0027         -0.0010
   143    0.0069    3.8570     0.0060         -0.0009
   144    0.0030    1.4210     0.0027         -0.0003
   145    0.0071    2.2330     0.0039         -0.0032
   146    0.0025    1.4210     0.0018         -0.0007
   147    0.0022    1.4210     0.0016         -0.0006
   148    0.0046    2.0300     0.0039         -0.0006
   149    0.0021    1.6240     0.0017         -0.0004
   150    0.0075   13.1950     0.0010         -0.0065
   151    0.0119    5.6840     0.0016         -0.0103
   152    0.0008    0.6090     0.0001         -0.0007
   153    0.0122    5.4810     0.0102         -0.0020
   154    0.0075    2.2330     0.0064         -0.0011
   155    0.0133    5.8870     0.0023         -0.0110
   156    0.0215    5.4810     0.0145         -0.0070
   157    0.0271    3.6540     0.0098         -0.0173
   158    0.0170    3.4510     0.0120         -0.0050
   159    0.0091    1.8270     0.0026         -0.0065
   160    0.0173    3.6540     0.0074         -0.0099
   161    0.0114    1.8270     0.0072         -0.0042
   162    0.0341    5.2780     0.0169         -0.0172
   163    0.0230    4.0600     0.0120         -0.0110
   164    0.0168    3.0450     0.0106         -0.0062
   165    0.0266    2.2330     0.0055         -0.0211
   166    0.0876    2.6390     0.0381         -0.0495
   167    0.1067    2.6390     0.0545         -0.0522
   168    0.0984    2.2330     0.0499         -0.0484
   169    0.2227    2.2330     0.0753         -0.1474
   170    0.5546    2.4360     0.2448         -0.3098
   171    0.5461    2.2330     0.3055         -0.2407
   172    0.2828    2.4360     0.1729         -0.1099
   173    0.1605    2.6390     0.0784         -0.0821
   174    0.0903    2.2330     0.0632         -0.0272
   175    0.0318    1.8270     0.0140         -0.0178
   176    0.0362    3.4510     0.0138         -0.0224
   177    0.0532    2.0300     0.0321         -0.0211
   178    0.0397    1.8270     0.0170         -0.0228
   179    0.0176    1.2180     0.0086         -0.0090
   180    0.0468    2.4360     0.0180         -0.0287
   181    0.0284    1.8270     0.0201         -0.0082
   182    0.0314    2.0300     0.0125         -0.0189
   183    0.0433    2.0300     0.0217         -0.0215
   184    0.0337    3.0450     0.0169         -0.0167
   185    0.0598    2.2330     0.0246         -0.0352
   186    0.0440    1.8270     0.0282         -0.0158
   187    0.0334    1.6240     0.0102         -0.0232
   188    0.0500    2.2330     0.0275         -0.0226
   189    0.0320    2.0300     0.0151         -0.0169
   190    0.0649    2.0300     0.0269         -0.0380
   191    0.0675    2.0300     0.0380         -0.0295
   192    0.0595    1.8270     0.0269         -0.0326
   193    0.0493    3.2480     0.0223         -0.0270
   194    0.0709    2.0300     0.0356         -0.0353
   195    0.0341    2.0300     0.0213         -0.0128
   196    0.0384    2.4360     0.0147         -0.0238
   197    0.0535    2.4360     0.0278         -0.0257
   198    0.0582    2.6390     0.0175         -0.0406
   199    0.0906    2.4360     0.0504         -0.0402
   200    0.0357    2.6390     0.0162         -0.0194
   201    0.0432    2.0300     0.0206         -0.0226
   202    0.0538    2.2330     0.0280         -0.0258
   203    0.0585    2.2330     0.0252         -0.0333
   204    0.0899    2.2330     0.0435         -0.0465
   205    0.0547    1.8270     0.0342         -0.0205
   206    0.0565    1.8270     0.0212         -0.0353
   207    0.0998    2.2330     0.0467         -0.0531
   208    0.0997    2.0300     0.0504         -0.0493
   209    0.1123    1.8270     0.0534         -0.0589
   210    0.1382    2.0300     0.0654         -0.0728
   211    0.1256    2.2330     0.0684         -0.0572
   212    0.0911    2.0300     0.0475         -0.0436
   213    0.0905    1.8270     0.0500         -0.0405
   214    0.0698    1.6240     0.0314         -0.0384
   215    0.1310    2.0300     0.0576         -0.0734
   216    0.1212    1.8270     0.0674         -0.0538
   217    0.1342    1.8270     0.0585         -0.0756
   218    0.1641    1.8270     0.0817         -0.0824
   219    0.1555    2.0300     0.0816         -0.0739
   220    0.1290    2.0300     0.0684         -0.0607
   221    0.1260    1.8270     0.0573         -0.0687
   222    0.1527    1.8270     0.0755         -0.0772
   223    0.1528    1.8270     0.0758         -0.0770
   224    0.1585    2.0300     0.0846         -0.0739
   225    0.0988    1.6240     0.0580         -0.0407
   226    0.0817    1.8270     0.0404         -0.0413
   227    0.0430    1.6240     0.0292         -0.0138
   228    0.0238    1.4210     0.0065         -0.0173
   229    0.0723    2.0300     0.0363         -0.0360
   230    0.0383    1.4210     0.0224         -0.0158
   231    0.0397    1.6240     0.0171         -0.0226
   232    0.0574    1.8270     0.0276         -0.0298
   233    0.0535    1.6240     0.0311         -0.0225
   234    0.0573    1.8270     0.0210         -0.0363
   235    0.0913    1.8270     0.0435         -0.0477
   236    0.0639    1.6240     0.0353         -0.0287
   237    0.0430    1.8270     0.0227         -0.0203
   238    0.0369    1.4210     0.0181         -0.0188
   239    0.0603    1.8270     0.0294         -0.0309
   240    0.0601    2.0300     0.0311         -0.0290
   241    0.0353    1.8270     0.0230         -0.0123
   242    0.0065    1.2180     0.0032         -0.0033
   243    0.0086    1.6240     0.0048         -0.0038
   244    0.0127    1.6240     0.0084         -0.0043
   245    0.0271    2.0300     0.0114         -0.0157
   246    0.0231    2.8420     0.0114         -0.0118
   247    0.0156    1.6240     0.0102         -0.0054
   248    0.0196    1.8270     0.0068         -0.0127
   249    0.0319    1.8270     0.0147         -0.0172
   250    0.0241    3.2480     0.0148         -0.0093
   251    0.0336    1.8270     0.0171         -0.0165
   252    0.0352    1.8270     0.0179         -0.0173
   253    0.0371    2.0300     0.0174         -0.0198
   254    0.0319    2.0300     0.0155         -0.0164
   255    0.0305    2.2330     0.0154         -0.0151
   256    0.0184    1.8270     0.0104         -0.0080
   257    0.0217    2.0300     0.0089         -0.0128
   258    0.0280    2.6390     0.0136         -0.0145
   259    0.0321    2.0300     0.0178         -0.0143
   260    0.0197    1.8270     0.0115         -0.0082
   261    0.0221    1.8270     0.0082         -0.0139
   262    0.0223    2.0300     0.0141         -0.0083
   263    0.0095    1.6240     0.0035         -0.0060
   264    0.0100    1.8270     0.0048         -0.0051
   265    0.0049    1.4210     0.0040         -0.0010
   266    0.0070    1.8270     0.0019         -0.0050
   267    0.0147    2.2330     0.0063         -0.0084
   268    0.0217    2.6390     0.0114         -0.0103
   269    0.0230    2.6390     0.0124         -0.0105
   270    0.0114    2.8420     0.0076         -0.0038
   271    0.0116    2.2330     0.0040         -0.0076
   272    0.0127    1.8270     0.0085         -0.0041
   273    0.0129    1.8270     0.0026         -0.0103
   274    0.0243    2.2330     0.0135         -0.0108
   275    0.0147    3.2480     0.0049         -0.0098
   276    0.0178    2.4360     0.0108         -0.0070
   277    0.0132    2.6390     0.0033         -0.0099
   278    0.0384    2.2330     0.0191         -0.0194
   279    0.0198    1.8270     0.0133         -0.0065
   280    0.0186    1.6240     0.0063         -0.0123
   281    0.0320    2.0300     0.0166         -0.0153
   282    0.0259    1.8270     0.0123         -0.0136
   283    0.0305    1.8270     0.0140         -0.0166
   284    0.0305    2.0300     0.0153         -0.0152
   285    0.0136    1.6240     0.0118         -0.0018
   286    0.0066    1.6240     0.0001         -0.0065
   287    0.0104    1.6240     0.0059         -0.0045
   288    0.0160    1.8270     0.0067         -0.0093
   289    0.0216    1.6240     0.0106         -0.0110
   290    0.0299    2.0300     0.0139         -0.0160
   291    0.0463    2.0300     0.0221         -0.0242
   292    0.0241    3.0450     0.0136         -0.0106
   293    0.0250    2.6390     0.0125         -0.0126
   294    0.0188    2.2330     0.0104         -0.0084
   295    0.0105    2.8420     0.0060         -0.0046
   296    0.0137    2.2330     0.0066         -0.0071
   297    0.0131    2.0300     0.0065         -0.0066
   298    0.0077    1.8270     0.0055         -0.0023
   299    0.0031    1.4210     0.0013         -0.0018
   300    0.0202    2.2330     0.0106         -0.0096
   301    0.0092    1.6240     0.0034         -0.0057
   302    0.0191    1.8270     0.0075         -0.0116
   303    0.0188    1.8270     0.0101         -0.0086
   304    0.0315    2.0300     0.0148         -0.0167
   305    0.0255    1.8270     0.0164         -0.0091
   306    0.0124    1.6240     0.0034         -0.0090
   307    0.0164    3.0450     0.0091         -0.0073
   308    0.0357    2.2330     0.0176         -0.0181
   309    0.0272    2.2330     0.0179         -0.0093
   310    0.0036    1.2180     0.0010         -0.0025
   311    0.0130    1.8270     0.0036         -0.0094
   312    0.0133    1.6240     0.0087         -0.0046
   313    0.0256    2.2330     0.0129         -0.0127
   314    0.0320    2.2330     0.0124         -0.0197
   315    0.0200    1.8270     0.0108         -0.0093
   316    0.0142    1.6240     0.0088         -0.0054
   317    0.0295    2.2330     0.0152         -0.0144
   318    0.0252    2.0300     0.0106         -0.0145
   319    0.0139    2.0300     0.0082         -0.0057
   320    0.0102    2.0300     0.0088         -0.0013
   321    0.0107    1.8270     0.0013         -0.0094
   322    0.0101    1.8270     0.0052         -0.0049
   323    0.0137    1.8270     0.0090         -0.0047
   324    0.0107    2.4360     0.0058         -0.0049
   325    0.0063    2.4360     0.0019         -0.0043
   326    0.0158    3.2480     0.0050         -0.0108
   327    0.0187    1.8270     0.0077         -0.0110
   328    0.0201    1.8270     0.0126         -0.0075
   329    0.0262    2.0300     0.0108         -0.0154
   330    0.0111    1.8270     0.0058         -0.0053
   331    0.0168    4.4660     0.0093         -0.0075
   332    0.0096    3.2480     0.0061         -0.0036
   333    0.0137    2.0300     0.0035         -0.0102
   334    0.0147    2.0300     0.0097         -0.0049
   335    0.0186    2.4360     0.0072         -0.0113
   336    0.0153    1.8270     0.0074         -0.0078
   337    0.0262    2.2330     0.0134         -0.0128
   338    0.0170    2.0300     0.0087         -0.0082
   339    0.0162    3.4510     0.0104         -0.0058
   340    0.0101    1.8270     0.0013         -0.0087
   341    0.0328    2.2330     0.0168         -0.0160
   342    0.0218    2.0300     0.0109         -0.0110
   343    0.0248    2.6390     0.0112         -0.0136
   344    0.0177    1.8270     0.0118         -0.0059
   345    0.0135    3.6540     0.0084         -0.0050
   346    0.0060    1.4210     0.0044         -0.0016
   347    0.0152    2.8420     0.0076         -0.0076
   348    0.0036    2.4360     0.0015         -0.0021
   349    0.0079    1.8270     0.0043         -0.0036
   350    0.0118    2.6390     0.0064         -0.0054
   351    0.0195    2.0300     0.0077         -0.0118
   352    0.0291    2.2330     0.0168         -0.0123
   353    0.0169    2.0300     0.0076         -0.0093
   354    0.0136    3.2480     0.0056         -0.0080
   355    0.0089    1.8270     0.0062         -0.0027
   356    0.0113    1.8270     0.0044         -0.0068
   357    0.0122    2.0300     0.0064         -0.0058
   358    0.0171    2.2330     0.0074         -0.0097
   359    0.0122    5.0750     0.0060         -0.0062
   360    0.0144    2.8420     0.0083         -0.0061
   361    0.0088    4.2630     0.0028         -0.0061
   362    0.0080    1.8270     0.0058         -0.0022
   363    0.0131    2.2330     0.0047         -0.0084
   364    0.0125    1.8270     0.0071         -0.0054
   365    0.0125    2.2330     0.0056         -0.0069
   366    0.0066    3.4510     0.0035         -0.0031
   367    0.0054    2.2330     0.0025         -0.0029
   368    0.0086    2.0300     0.0021         -0.0065
   369    0.0226    2.4360     0.0119         -0.0107
   370    0.0107    2.4360     0.0063         -0.0044
   371    0.0115    2.2330     0.0043         -0.0072
   372    0.0237    2.0300     0.0114         -0.0123
   373    0.0274    2.0300     0.0130         -0.0144
   374    0.0228    2.0300     0.0125         -0.0103
   375    0.0102    1.6240     0.0053         -0.0049
   376    0.0140    2.2330     0.0072         -0.0068
   377    0.0117    3.2480     0.0038         -0.0079
   378    0.0160    1.8270     0.0071         -0.0089
   379    0.0169    1.8270     0.0084         -0.0085
   380    0.0266    2.2330     0.0135         -0.0131
   381    0.0218    1.8270     0.0098         -0.0120
   382    0.0251    2.2330     0.0129         -0.0122
   383    0.0224    2.0300     0.0105         -0.0119
   384    0.0342    2.2330     0.0157         -0.0185
   385    0.0247    2.2330     0.0158         -0.0089
   386    0.0046    2.6390     0.0019         -0.0026
   387    0.0067    1.8270     0.0037         -0.0029
   388    0.0085    1.6240     0.0038         -0.0047
   389    0.0192    2.2330     0.0081         -0.0111
   390    0.0228    2.0300     0.0127         -0.0101
   391    0.0071    1.6240     0.0028         -0.0044
   392    0.0096    2.8420     0.0056         -0.0040
   393    0.0129    2.2330     0.0065         -0.0064
   394    0.0101    1.6240     0.0058         -0.0043
   395    0.0107    3.0450     0.0045         -0.0062
   396    0.0117    2.2330     0.0062         -0.0055
   397    0.0100    1.6240     0.0050         -0.0050
   398    0.0105    2.0300     0.0056         -0.0049
   399    0.0034    1.2180     0.0027         -0.0007
   400    0.0083    2.0300     0.0035         -0.0049
   401    0.0040    1.4210     0.0018         -0.0022
   402    0.0114    2.0300     0.0046         -0.0067
   403    0.0111    1.6240     0.0050         -0.0061
   404    0.0114    1.8270     0.0065         -0.0048
   405    0.0079    1.6240     0.0025         -0.0054
   406    0.0169    2.0300     0.0097         -0.0072
   407    0.0116    1.6240     0.0053         -0.0063
   408    0.0250    2.0300     0.0105         -0.0145
   409    0.0288    2.0300     0.0151         -0.0137
   410    0.0273    2.0300     0.0144         -0.0129
   411    0.0291    2.2330     0.0141         -0.0150
   412    0.0253    1.8270     0.0128         -0.0125
   413    0.0277    2.2330     0.0145         -0.0132
   414    0.0202    1.8270     0.0118         -0.0084
   415    0.0201    2.2330     0.0097         -0.0104
   416    0.0112    1.8270     0.0055         -0.0057
   417    0.0109    1.8270     0.0062         -0.0048
   418    0.0096    2.0300     0.0048         -0.0048
   419    0.0074    1.8270     0.0044         -0.0030
   420    0.0058    1.4210     0.0026         -0.0032
   421    0.0126    2.0300     0.0051         -0.0075
   422    0.0107    1.6240     0.0066         -0.0041
   423    0.0138    1.8270     0.0063         -0.0075
   424    0.0171    2.0300     0.0083         -0.0089
   425    0.0137    2.0300     0.0066         -0.0071
   426    0.0085    2.0300     0.0064         -0.0021
   427    0.0025    1.6240     0.0016         -0.0009
   428    0.0076    2.4360     0.0030         -0.0046
   429    0.0060    2.0300     0.0045         -0.0015
   430    0.0021    1.6240     0.0008         -0.0013
   431    0.0071    2.8420     0.0012         -0.0058
   432    0.0150    1.8270     0.0068         -0.0083
   433    0.0254    2.0300     0.0121         -0.0134
   434    0.0281    2.0300     0.0132         -0.0149
   435    0.0181    1.8270     0.0115         -0.0066
   436    0.0110    1.8270     0.0059         -0.0050
   437    0.0051    1.4210     0.0022         -0.0029
   438    0.0054    1.6240     0.0036         -0.0018
   439    0.0049    3.2480     0.0018         -0.0032
   440    0.0042    1.6240     0.0022         -0.0020
   441    0.0091    2.0300     0.0046         -0.0045
   442    0.0091    1.6240     0.0032         -0.0059
   443    0.0132    2.2330     0.0069         -0.0063
   444    0.0026    1.2180     0.0014         -0.0012
   445    0.0034    2.8420     0.0015         -0.0019
   446    0.0113    2.0300     0.0026         -0.0087
   447    0.0210    2.0300     0.0108         -0.0101
   448    0.0112    1.6240     0.0063         -0.0049
   449    0.0138    1.6240     0.0049         -0.0089
   450    0.0219    1.8270     0.0113         -0.0106
   451    0.0226    2.0300     0.0102         -0.0124
   452    0.0166    2.0300     0.0096         -0.0069
   453    0.0094    2.8420     0.0046         -0.0047
   454    0.0137    2.0300     0.0071         -0.0066
   455    0.0101    2.0300     0.0058         -0.0043
   456    0.0070    2.0300     0.0054         -0.0017
   457    0.0049    2.0300     0.0003         -0.0046
   458    0.0124    3.2480     0.0044         -0.0080
   459    0.0192    2.0300     0.0094         -0.0098
   460    0.0176    1.8270     0.0112         -0.0064
   461    0.0123    1.8270     0.0058         -0.0066
   462    0.0179    1.8270     0.0075         -0.0104
   463    0.0187    1.8270     0.0101         -0.0086
   464    0.0230    2.2330     0.0118         -0.0113
   465    0.0144    1.8270     0.0093         -0.0051
   466    0.0134    1.8270     0.0050         -0.0083
   467    0.0187    1.8270     0.0100         -0.0086
   468    0.0197    2.0300     0.0095         -0.0102
   469    0.0106    1.8270     0.0078         -0.0028
   470    0.0038    1.2180     0.0003         -0.0035
   471    0.0127    2.0300     0.0055         -0.0072
   472    0.0128    1.8270     0.0052         -0.0076
   473    0.0151    1.8270     0.0073         -0.0078
   474    0.0137    1.8270     0.0083         -0.0054
   475    0.0087    1.8270     0.0035         -0.0052
   476    0.0051    1.4210     0.0024         -0.0027
   477    0.0110    1.8270     0.0047         -0.0063
   478    0.0111    1.8270     0.0069         -0.0043
   479    0.0055    1.8270     0.0026         -0.0029
   480    0.0021    1.4210     0.0003         -0.0018
   481    0.0037    1.4210     0.0035         -0.0002
   482    0.0063    2.0300     0.0030         -0.0033
   483    0.0069    1.4210     0.0017         -0.0053
   484    0.0244    2.0300     0.0108         -0.0136
   485    0.0321    1.8270     0.0163         -0.0158
   486    0.0256    2.0300     0.0138         -0.0118
   487    0.0131    1.8270     0.0088         -0.0042
   488    0.0038    1.4210     0.0022         -0.0016
   489    0.0042    1.6240     0.0022         -0.0020
   490    0.0049    1.8270     0.0037         -0.0012
   491    0.0021    1.6240     0.0006         -0.0015
   492    0.0027    1.6240     0.0005         -0.0022
   493    0.0031    1.4210     0.0008         -0.0023
   494    0.0060    1.8270     0.0038         -0.0022
   495    0.0032    1.6240     0.0023         -0.0009
   496    0.0057    1.6240     0.0007         -0.0050
   497    0.0123    1.6240     0.0061         -0.0062
   498    0.0202    2.0300     0.0087         -0.0115
   499    0.0192    1.8270     0.0092         -0.0100
   500    0.0144    2.0300     0.0096         -0.0048
   501    0.0083    2.6390     0.0049         -0.0033
   502    0.0081    1.8270     0.0026         -0.0055
   503    0.0155    2.0300     0.0066         -0.0089
   504    0.0162    2.0300     0.0092         -0.0069
   505    0.0194    2.0300     0.0077         -0.0117
   506    0.0243    1.8270     0.0132         -0.0110
   507    0.0251    2.0300     0.0112         -0.0140
   508    0.0234    1.8270     0.0125         -0.0109
   509    0.0160    1.8270     0.0086         -0.0074
   510    0.0091    1.4210     0.0049         -0.0041
   511    0.0139    2.2330     0.0059         -0.0080
   512    0.0064    1.6240     0.0030         -0.0034
   513    0.0056    2.0300     0.0038         -0.0018
   514    0.0031    1.6240     0.0000         -0.0031
   515    0.0073    2.6390     0.0040         -0.0033
   516    0.0057    1.8270     0.0031         -0.0025
   517    0.0124    2.0300     0.0049         -0.0075
   518    0.0128    2.0300     0.0080         -0.0048
   519    0.0151    2.0300     0.0063         -0.0088
   520    0.0122    1.8270     0.0052         -0.0070
   521    0.0135    1.8270     0.0077         -0.0058
   522    0.0078    1.8270     0.0045         -0.0033
   523    0.0032    1.2180     0.0030         -0.0003
   524    0.0088    1.8270     0.0031         -0.0057
   525    0.0145    2.0300     0.0065         -0.0080
   526    0.0185    1.8270     0.0087         -0.0098
   527    0.0147    2.0300     0.0087         -0.0060
   528    0.0086    2.0300     0.0049         -0.0037
   529    0.0069    2.4360     0.0024         -0.0045
   530    0.0109    3.6540     0.0063         -0.0046
   531    0.0074    1.6240     0.0048         -0.0026
   532    0.0076    2.0300     0.0032         -0.0044
   533    0.0089    3.0450     0.0037         -0.0052
   534    0.0124    1.8270     0.0049         -0.0076
   535    0.0142    1.8270     0.0075         -0.0067
   536    0.0165    2.0300     0.0085         -0.0080
   537    0.0106    1.8270     0.0053         -0.0053
   538    0.0079    1.8270     0.0054         -0.0025
   539    0.0037    2.6390     0.0018         -0.0019
   540    0.0009    1.2180     0.0007         -0.0002
   541    0.0071    2.4360     0.0032         -0.0039
   542    0.0093    2.0300     0.0037         -0.0056
   543    0.0089    1.8270     0.0053         -0.0036
   544    0.0117    2.2330     0.0058         -0.0059
   545    0.0082    1.8270     0.0052         -0.0031
   546    0.0101    2.0300     0.0053         -0.0047
   547    0.0061    3.2480     0.0035         -0.0027
   548    0.0022    1.6240     0.0017         -0.0005
   549    0.0010    1.4210     0.0004         -0.0006
   550    0.0053    2.2330     0.0023         -0.0030
   551    0.0057    1.6240     0.0015         -0.0041
   552    0.0093    3.6540     0.0057         -0.0036
   553    0.0065    2.0300     0.0031         -0.0034
   554    0.0039    1.8270     0.0026         -0.0012
   555    0.0093    2.4360     0.0033         -0.0060
   556    0.0058    4.2630     0.0037         -0.0021
   557    0.0067    3.8570     0.0041         -0.0026
   558    0.0051    2.2330     0.0017         -0.0034
   559    0.0098    2.4360     0.0055         -0.0043
   560    0.0071    1.6240     0.0034         -0.0037
   561    0.0131    2.0300     0.0061         -0.0071
   562    0.0122    2.0300     0.0074         -0.0048
   563    0.0089    1.6240     0.0043         -0.0046
   564    0.0119    2.2330     0.0057         -0.0063
   565    0.0038    1.6240     0.0023         -0.0015
   566    0.0036    1.6240     0.0022         -0.0014
   567    0.0038    1.8270     0.0009         -0.0029
   568    0.0034    1.6240     0.0026         -0.0008
   569    0.0052    2.0300     0.0014         -0.0038
   570    0.0083    2.6390     0.0047         -0.0035
   571    0.0043    1.6240     0.0004         -0.0039
   572    0.0125    2.0300     0.0059         -0.0067
   573    0.0087    1.8270     0.0054         -0.0033
   574    0.0106    2.0300     0.0038         -0.0068
   575    0.0125    2.0300     0.0062         -0.0063
   576    0.0120    2.0300     0.0066         -0.0055
   577    0.0072    3.2480     0.0042         -0.0030
   578    0.0047    1.6240     0.0032         -0.0015
   579    0.0050    1.8270     0.0009         -0.0041
   580    0.0077    1.8270     0.0046         -0.0031
   581    0.0086    2.2330     0.0048         -0.0038
   582    0.0055    2.4360     0.0022         -0.0033
   583    0.0078    4.0600     0.0034         -0.0044
   584    0.0052    1.4210     0.0004         -0.0048
   585    0.0140    2.2330     0.0088         -0.0053
   586    0.0052    1.6240     0.0029         -0.0023
   587    0.0073    2.0300     0.0037         -0.0037
   588    0.0037    1.8270     0.0023         -0.0014
   589    0.0030    2.0300     0.0011         -0.0019
   590    0.0037    2.0300     0.0009         -0.0028
   591    0.0049    3.2480     0.0020         -0.0028
   592    0.0072    2.0300     0.0045         -0.0027
   593    0.0053    1.6240     0.0005         -0.0048
   594    0.0088    1.8270     0.0055         -0.0033
   595    0.0040    1.6240     0.0022         -0.0018
   596    0.0040    2.0300     0.0007         -0.0033
   597    0.0091    3.2480     0.0038         -0.0053
   598    0.0044    1.4210     0.0041         -0.0003
   599    0.0085    2.0300     0.0025         -0.0060
   600    0.0063    2.8420     0.0051         -0.0012
   601    0.0070    2.2330     0.0029         -0.0041
   602    0.0063    1.8270     0.0030         -0.0033
   603    0.0069    4.0600     0.0045         -0.0024
   604    0.0055    3.4510     0.0027         -0.0028
   605    0.0112    2.6390     0.0049         -0.0063
   606    0.0132    2.0300     0.0066         -0.0066
   607    0.0134    2.0300     0.0070         -0.0064
   608    0.0106    1.8270     0.0063         -0.0043
   609    0.0104    1.8270     0.0050         -0.0054
   610    0.0087    2.8420     0.0053         -0.0033
   611    0.0110    3.8570     0.0035         -0.0075
   612    0.0088    2.2330     0.0051         -0.0037
   613    0.0031    1.6240     0.0025         -0.0006
   614    0.0017    2.0300     0.0006         -0.0011
   615    0.0015    1.4210     0.0006         -0.0009
   616    0.0078    2.2330     0.0037         -0.0041
   617    0.0077    2.2330     0.0039         -0.0038
   618    0.0028    1.6240     0.0019         -0.0009
   619    0.0042    2.0300     0.0024         -0.0018
   620    0.0069    2.0300     0.0030         -0.0039
   621    0.0050    1.8270     0.0028         -0.0022
   622    0.0059    1.6240     0.0018         -0.0041
   623    0.0120    2.2330     0.0060         -0.0060
   624    0.0044    1.6240     0.0031         -0.0013
   625    0.0052    2.0300     0.0019         -0.0033
   626    0.0060    2.0300     0.0039         -0.0021
   627    0.0087    2.2330     0.0033         -0.0054
   628    0.0096    2.2330     0.0051         -0.0045
   629    0.0067    1.6240     0.0030         -0.0037
   630    0.0100    2.2330     0.0058         -0.0041
   631    0.0051    1.8270     0.0019         -0.0032
   632    0.0038    1.4210     0.0021         -0.0017
   633    0.0076    2.0300     0.0030         -0.0046
   634    0.0081    1.8270     0.0049         -0.0033
   635    0.0044    1.6240     0.0024         -0.0020
   636    0.0091    3.0450     0.0043         -0.0047
   637    0.0121    2.4360     0.0058         -0.0063
   638    0.0048    1.4210     0.0021         -0.0027
   639    0.0107    3.4510     0.0059         -0.0047
   640    0.0107    2.0300     0.0070         -0.0037
   641    0.0059    1.4210     0.0019         -0.0039
   642    0.0092    2.0300     0.0048         -0.0044
   643    0.0041    1.6240     0.0021         -0.0020
   644    0.0058    1.8270     0.0022         -0.0037
   645    0.0077    3.2480     0.0031         -0.0047
   646    0.0043    1.4210     0.0037         -0.0007
   647    0.0087    2.4360     0.0045         -0.0042
   648    0.0124    3.2480     0.0042         -0.0082
   649    0.0085    3.0450     0.0047         -0.0038
   650    0.0050    1.8270     0.0029         -0.0020
   651    0.0023    1.4210     0.0003         -0.0020
   652    0.0044    1.8270     0.0037         -0.0007
   653    0.0051    1.8270     0.0001         -0.0050
   654    0.0098    3.2480     0.0039         -0.0059
   655    0.0110    3.6540     0.0057         -0.0053
   656    0.0108    2.6390     0.0069         -0.0039
   657    0.0106    3.4510     0.0059         -0.0048
   658    0.0070    3.6540     0.0039         -0.0031
   659    0.0070    3.0450     0.0050         -0.0020
   660    0.0052    2.2330     0.0019         -0.0032
   661    0.0058    2.2330     0.0039         -0.0019
   662    0.0042    2.2330     0.0016         -0.0026
   663    0.0064    2.2330     0.0023         -0.0041
   664    0.0070    2.0300     0.0044         -0.0026
   665    0.0112    2.2330     0.0049         -0.0063
   666    0.0118    2.2330     0.0052         -0.0066
   667    0.0035    1.2180     0.0032         -0.0003
   668    0.0067    2.2330     0.0039         -0.0028
   669    0.0028    1.6240     0.0006         -0.0022
   670    0.0078    3.4510     0.0032         -0.0047
   671    0.0077    3.4510     0.0036         -0.0041
   672    0.0052    3.0450     0.0030         -0.0023
   673    0.0047    3.6540     0.0021         -0.0026
   674    0.0028    1.8270     0.0008         -0.0019
   675    0.0020    1.4210     0.0018         -0.0003
   676    0.0022    1.8270     0.0004         -0.0019
   677    0.0051    2.6390     0.0022         -0.0030
   678    0.0021    1.6240     0.0013         -0.0008
   679    0.0042    2.0300     0.0019         -0.0023
   680    0.0036    2.0300     0.0023         -0.0013
   681    0.0017    1.6240     0.0007         -0.0010
   682    0.0044    2.6390     0.0011         -0.0033
   683    0.0077    2.4360     0.0042         -0.0035
   684    0.0068    2.2330     0.0026         -0.0042
   685    0.0037    3.0450     0.0023         -0.0014
   686    0.0028    1.6240     0.0006         -0.0022
   687    0.0064    2.0300     0.0024         -0.0040
   688    0.0071    3.0450     0.0041         -0.0030
   689    0.0070    2.4360     0.0036         -0.0034
   690    0.0065    3.2480     0.0021         -0.0044
   691    0.0076    3.4510     0.0026         -0.0051
   692    0.0098    2.0300     0.0063         -0.0036
   693    0.0059    2.0300     0.0028         -0.0031
   694    0.0032    1.4210     0.0009         -0.0023
   695    0.0061    1.8270     0.0049         -0.0012
   696    0.0053    2.0300     0.0015         -0.0038
   697    0.0046    1.6240     0.0018         -0.0028
   698    0.0054    1.8270     0.0028         -0.0026
   699    0.0062    3.2480     0.0029         -0.0033
   700    0.0065    1.8270     0.0037         -0.0029
   701    0.0097    2.0300     0.0038         -0.0059
   702    0.0094    3.0450     0.0057         -0.0037
   703    0.0099    2.2330     0.0049         -0.0050
   704    0.0083    3.2480     0.0044         -0.0039
   705    0.0053    1.8270     0.0033         -0.0020
   706    0.0052    1.8270     0.0020         -0.0031
   707    0.0115    2.0300     0.0061         -0.0054
   708    0.0085    2.2330     0.0051         -0.0035
   709    0.0018    1.0150     0.0003         -0.0015
   710    0.0072    2.0300     0.0039         -0.0032
   711    0.0072    1.8270     0.0033         -0.0039
   712    0.0110    1.8270     0.0051         -0.0060
   713    0.0153    2.0300     0.0077         -0.0076
   714    0.0120    2.0300     0.0069         -0.0051
   715    0.0094    2.0300     0.0039         -0.0054
   716    0.0069    1.8270     0.0054         -0.0015
   717    0.0063    2.2330     0.0022         -0.0041
   718    0.0098    3.4510     0.0039         -0.0059
   719    0.0120    1.8270     0.0063         -0.0056
   720    0.0129    1.8270     0.0055         -0.0074
   721    0.0242    2.0300     0.0114         -0.0127
   722    0.0212    1.8270     0.0108         -0.0104
   723    0.0190    1.6240     0.0089         -0.0101
   724    0.0232    2.0300     0.0122         -0.0110
   725    0.0178    1.6240     0.0086         -0.0092
   726    0.0214    1.8270     0.0108         -0.0106
   727    0.0158    2.0300     0.0095         -0.0063
   728    0.0072    1.6240     0.0033         -0.0039
   729    0.0064    1.6240     0.0032         -0.0032
   730    0.0089    2.0300     0.0047         -0.0042
   731    0.0037    4.6690     0.0018         -0.0019
   732    0.0066    2.2330     0.0025         -0.0041
   733    0.0063    1.8270     0.0040         -0.0022
   734    0.0084    2.2330     0.0039         -0.0045
   735    0.0027    1.4210     0.0013         -0.0014
   736    0.0082    3.2480     0.0047         -0.0036
   737    0.0054    2.0300     0.0041         -0.0013
   738    0.0048    2.0300     0.0015         -0.0034
   739    0.0061    2.6390     0.0034         -0.0028
   740    0.0021    2.0300     0.0004         -0.0017
   741    0.0080    2.4360     0.0040         -0.0040
   742    0.0071    2.0300     0.0033         -0.0038
   743    0.0054    1.8270     0.0020         -0.0034
   744    0.0043    1.8270     0.0026         -0.0016
   745    0.0046    3.0450     0.0025         -0.0021
   746    0.0046    3.4510     0.0022         -0.0024
   747    0.0039    2.0300     0.0020         -0.0019
   748    0.0019    1.4210     0.0002         -0.0018
   749    0.0067    3.6540     0.0030         -0.0037
   750    0.0078    3.4510     0.0041         -0.0037
   751    0.0063    2.6390     0.0042         -0.0022
   752    0.0071    2.6390     0.0028         -0.0044
   753    0.0023    4.0600     0.0016         -0.0008
   754    0.0038    2.2330     0.0015         -0.0023
   755    0.0061    3.2480     0.0017         -0.0043
   756    0.0056    3.2480     0.0038         -0.0018
   757    0.0076    4.4660     0.0047         -0.0029
   758    0.0063    2.2330     0.0036         -0.0028
   759    0.0039    1.6240     0.0035         -0.0003
   760    0.0016    1.4210     0.0005         -0.0011
   761    0.0080    2.0300     0.0024         -0.0057
   762    0.0107    1.8270     0.0055         -0.0053
   763    0.0114    2.0300     0.0064         -0.0049
   764    0.0065    1.8270     0.0032         -0.0034
   765    0.0035    3.2480     0.0013         -0.0022
   766    0.0028    1.8270     0.0016         -0.0012
   767    0.0016    1.4210     0.0001         -0.0016
   768    0.0025    1.4210     0.0018         -0.0007
   769    0.0055    2.0300     0.0023         -0.0032
   770    0.0049    2.2330     0.0030         -0.0019
   771    0.0016    2.0300     0.0006         -0.0009
   772    0.0043    2.4360     0.0023         -0.0020
   773    0.0057    2.2330     0.0020         -0.0037
   774    0.0062    3.0450     0.0039         -0.0024
   775    0.0047    1.8270     0.0010         -0.0037
   776    0.0056    3.2480     0.0033         -0.0023
   777    0.0048    2.8420     0.0032         -0.0016
   778    0.0062    3.0450     0.0023         -0.0039
   779    0.0034    2.0300     0.0020         -0.0014
   780    0.0060    2.2330     0.0034         -0.0026
   781    0.0021    1.2180     0.0011         -0.0010
   782    0.0054    2.0300     0.0017         -0.0037
   783    0.0054    1.6240     0.0029         -0.0025
   784    0.0063    1.8270     0.0028         -0.0035
   785    0.0042    1.6240     0.0035         -0.0007
   786    0.0053    1.6240     0.0006         -0.0047
   787    0.0115    2.0300     0.0059         -0.0056
   788    0.0041    1.4210     0.0031         -0.0010
   789    0.0049    1.6240     0.0020         -0.0029
   790    0.0073    2.2330     0.0044         -0.0029
   791    0.0023    1.2180     0.0004         -0.0018
   792    0.0077    2.4360     0.0034         -0.0044
   793    0.0060    4.0600     0.0036         -0.0025
   794    0.0100    2.4360     0.0052         -0.0048
   795    0.0041    2.8420     0.0025         -0.0016
   796    0.0006    1.4210     0.0002         -0.0005
   797    0.0054    2.2330     0.0026         -0.0029
   798    0.0054    1.8270     0.0026         -0.0028
   799    0.0064    3.4510     0.0035         -0.0029
   800    0.0047    2.2330     0.0031         -0.0016
   801    0.0017    1.6240     0.0003         -0.0014
   802    0.0044    2.0300     0.0015         -0.0028
   803    0.0059    4.2630     0.0027         -0.0032
   804    0.0031    5.6840     0.0021         -0.0010
   805    0.0034    3.0450     0.0014         -0.0020
   806    0.0082    3.2480     0.0048         -0.0034
   807    0.0065    2.4360     0.0035         -0.0030
   808    0.0039    3.2480     0.0015         -0.0024
   809    0.0048    1.8270     0.0029         -0.0020
   810    0.0030    1.6240     0.0022         -0.0009
   811    0.0027    1.6240     0.0010         -0.0017
   812    0.0046    2.0300     0.0015         -0.0032
   813    0.0021    1.2180     0.0008         -0.0012
   814    0.0061    4.4660     0.0035         -0.0026
   815    0.0042    2.6390     0.0020         -0.0022
   816    0.0043    2.0300     0.0017         -0.0026
   817    0.0057    2.0300     0.0030         -0.0028
   818    0.0037    1.8270     0.0015         -0.0023
   819    0.0070    2.2330     0.0042         -0.0028
   820    0.0037    3.2480     0.0026         -0.0011
   821    0.0033    3.4510     0.0010         -0.0023
   822    0.0066    2.2330     0.0039         -0.0027
   823    0.0019    1.2180     0.0012         -0.0007
   824    0.0067    2.6390     0.0026         -0.0041
   825    0.0056    2.8420     0.0025         -0.0031
   826    0.0075    2.6390     0.0043         -0.0032
   827    0.0014    1.6240     0.0001         -0.0013
   828    0.0017    1.6240     0.0009         -0.0008
   829    0.0078    3.8570     0.0041         -0.0037
   830    0.0018    2.4360     0.0011         -0.0007
   831    0.0053    2.6390     0.0020         -0.0033
   832    0.0046    4.2630     0.0020         -0.0027
   833    0.0028    3.8570     0.0019         -0.0009
   834    0.0042    2.2330     0.0008         -0.0033
   835    0.0017    1.2180     0.0012         -0.0006
   836    0.0056    2.2330     0.0024         -0.0032
   837    0.0096    2.6390     0.0050         -0.0045
   838    0.0039    1.8270     0.0030         -0.0009
   839    0.0050    1.8270     0.0009         -0.0041
   840    0.0082    2.8420     0.0052         -0.0031
   841    0.0045    2.4360     0.0027         -0.0017
   842    0.0046    2.8420     0.0026         -0.0020
   843    0.0021    4.6690     0.0010         -0.0011
   844    0.0033    1.6240     0.0002         -0.0032
   845    0.0088    2.2330     0.0052         -0.0035
   846    0.0058    2.0300     0.0028         -0.0029
   847    0.0035    1.6240     0.0014         -0.0021
   848    0.0051    2.0300     0.0033         -0.0018
   849    0.0068    2.2330     0.0027         -0.0040
   850    0.0041    1.6240     0.0013         -0.0028
   851    0.0075    1.8270     0.0041         -0.0034
   852    0.0073    2.0300     0.0044         -0.0029
   853    0.0035    1.6240     0.0022         -0.0014
   854    0.0040    3.2480     0.0015         -0.0025
   855    0.0074    2.0300     0.0048         -0.0026
   856    0.0055    2.6390     0.0026         -0.0028
   857    0.0066    2.2330     0.0031         -0.0035
   858    0.0056    1.8270     0.0037         -0.0019
   859    0.0054    2.0300     0.0022         -0.0032
   860    0.0042    2.8420     0.0020         -0.0022
   861    0.0084    2.0300     0.0034         -0.0050
   862    0.0080    2.0300     0.0042         -0.0037
