 
  * * * * * * * PROGRAM ZCROSS * * * * * * * *
  * *
  * M.J. KRAFFT *
  * *
  * *
  * Zero Up-Crossing Analysis *
  * *
  * * * * * * * * * * * * * * * * * * * * * * *
 
 
  * * * * * * * * INPUT DATA * * * * * * * * *
 
  INPUT TIME SERIES ANALYZED: g1-nf203.in 
  NUMBER OF POINTS IN SERIES:         3952
  TIME SERIES TIME STEP :   0.2030000      SEC
  TIME SERIES RECORD LENGTH :    802.0530      SEC
 
  Notes: -mean of time series has been removed.
  -except for computation of mean of input
  time series, data prior to first up-
  crossing and data after last up-crossing
  has been ignored in z-cross analysis.
 
  * * * Z-CROSS WAVE HEIGHT/PERIOD DATA * * * *
 
 INDEX   HEIGHT    PERIOD     CREST HEIGHT   TROUGH DEPTH
     1    0.0880    1.0150     0.0330         -0.0550
     2    0.0820    1.0150     0.0270         -0.0550
     3    0.0590    1.2180     0.0160         -0.0430
     4    0.1520    0.8120     0.0950         -0.0570
     5    0.0860    1.0150     0.0610         -0.0250
     6    0.0870    0.8120     0.0440         -0.0430
     7    0.0720    1.0150     0.0340         -0.0380
     8    0.0940    1.0150     0.0510         -0.0430
     9    0.0720    1.2180     0.0340         -0.0380
    10    0.1110    1.0150     0.0420         -0.0690
    11    0.1220    0.8120     0.0650         -0.0570
    12    0.1040    1.2180     0.0470         -0.0570
    13    0.0850    0.4060     0.0690         -0.0160
    14    0.0470    0.8120     0.0120         -0.0350
    15    0.0730    1.2180     0.0550         -0.0180
    16    0.0550    0.8120     0.0360         -0.0190
    17    0.0710    1.0150     0.0330         -0.0380
    18    0.0880    0.8120     0.0490         -0.0390
    19    0.0550    1.0150     0.0160         -0.0390
    20    0.0670    0.8120     0.0190         -0.0480
    21    0.0390    1.0150     0.0270         -0.0120
    22    0.0740    1.6240     0.0270         -0.0470
    23    0.0800    1.0150     0.0330         -0.0470
    24    0.1080    1.0150     0.0640         -0.0440
    25    0.1010    1.0150     0.0490         -0.0520
    26    0.1180    0.8120     0.0630         -0.0550
    27    0.0630    0.8120     0.0380         -0.0250
    28    0.0970    1.0150     0.0430         -0.0540
    29    0.1080    1.2180     0.0610         -0.0470
    30    0.0930    0.8120     0.0460         -0.0470
    31    0.0350    0.4060     0.0140         -0.0210
    32    0.0610    1.2180     0.0270         -0.0340
    33    0.1000    1.4210     0.0520         -0.0480
    34    0.0860    0.8120     0.0440         -0.0420
    35    0.0700    0.6090     0.0430         -0.0270
    36    0.0530    0.6090     0.0180         -0.0350
    37    0.0890    1.2180     0.0480         -0.0410
    38    0.0510    0.8120     0.0360         -0.0150
    39    0.0680    0.4060     0.0240         -0.0440
    40    0.0690    0.8120     0.0250         -0.0440
    41    0.0720    0.8120     0.0200         -0.0520
    42    0.1630    1.0150     0.0930         -0.0700
    43    0.0950    1.0150     0.0580         -0.0370
    44    0.0530    1.2180     0.0240         -0.0290
    45    0.0570    1.2180     0.0270         -0.0300
    46    0.0270    0.4060     0.0190         -0.0080
    47    0.0370    0.6090     0.0120         -0.0250
    48    0.0820    1.0150     0.0250         -0.0570
    49    0.1170    0.8120     0.0600         -0.0570
    50    0.0460    1.0150     0.0150         -0.0310
    51    0.0460    0.4060     0.0180         -0.0280
    52    0.0780    1.2180     0.0300         -0.0480
    53    0.1220    1.0150     0.0710         -0.0510
    54    0.0770    1.2180     0.0290         -0.0480
    55    0.0970    1.0150     0.0490         -0.0480
    56    0.0780    0.8120     0.0400         -0.0380
    57    0.0460    0.6090     0.0080         -0.0380
    58    0.0820    0.8120     0.0350         -0.0470
    59    0.0920    1.0150     0.0390         -0.0530
    60    0.0920    0.8120     0.0660         -0.0260
    61    0.0320    0.6090     0.0060         -0.0260
    62    0.1330    0.8120     0.0660         -0.0670
    63    0.0810    1.2180     0.0440         -0.0370
    64    0.0470    1.4210     0.0230         -0.0240
    65    0.0800    1.2180     0.0380         -0.0420
    66    0.0470    1.4210     0.0250         -0.0220
    67    0.1100    1.0150     0.0500         -0.0600
    68    0.0900    1.2180     0.0480         -0.0420
    69    0.0630    1.0150     0.0380         -0.0250
    70    0.0450    1.0150     0.0200         -0.0250
    71    0.0610    0.8120     0.0310         -0.0300
    72    0.0630    1.2180     0.0320         -0.0310
    73    0.0940    1.2180     0.0420         -0.0520
    74    0.1040    0.8120     0.0510         -0.0530
    75    0.1400    1.0150     0.0790         -0.0610
    76    0.1690    1.0150     0.0850         -0.0840
    77    0.1120    1.2180     0.0640         -0.0480
    78    0.0880    1.0150     0.0490         -0.0390
    79    0.0930    1.2180     0.0460         -0.0470
    80    0.0720    1.2180     0.0410         -0.0310
    81    0.1380    0.8120     0.0810         -0.0570
    82    0.1080    1.4210     0.0510         -0.0570
    83    0.1000    1.2180     0.0470         -0.0530
    84    0.1130    0.8120     0.0590         -0.0540
    85    0.0670    1.0150     0.0270         -0.0400
    86    0.0390    0.6090     0.0190         -0.0200
    87    0.0430    1.0150     0.0230         -0.0200
    88    0.0710    1.4210     0.0350         -0.0360
    89    0.0380    1.0150     0.0160         -0.0220
    90    0.0840    0.8120     0.0400         -0.0440
    91    0.0740    1.0150     0.0320         -0.0420
    92    0.1190    1.0150     0.0640         -0.0550
    93    0.1100    1.0150     0.0610         -0.0490
    94    0.0630    1.0150     0.0360         -0.0270
    95    0.0790    1.2180     0.0380         -0.0410
    96    0.1840    1.0150     0.0950         -0.0890
    97    0.1730    1.2180     0.0840         -0.0890
    98    0.0340    0.4060     0.0240         -0.0100
    99    0.0190    0.4060     0.0040         -0.0150
   100    0.0230    0.6090     0.0030         -0.0200
   101    0.0540    0.8120     0.0200         -0.0340
   102    0.0640    1.0150     0.0300         -0.0340
   103    0.0710    1.0150     0.0340         -0.0370
   104    0.0680    1.0150     0.0500         -0.0180
   105    0.0350    0.6090     0.0240         -0.0110
   106    0.0710    0.6090     0.0170         -0.0540
   107    0.0630    0.8120     0.0400         -0.0230
   108    0.0420    0.6090     0.0110         -0.0310
   109    0.0900    0.8120     0.0520         -0.0380
   110    0.0840    0.8120     0.0500         -0.0340
   111    0.0660    1.0150     0.0260         -0.0400
   112    0.1070    1.0150     0.0640         -0.0430
   113    0.1160    1.0150     0.0610         -0.0550
   114    0.0970    1.2180     0.0530         -0.0440
   115    0.0550    1.2180     0.0290         -0.0260
   116    0.0530    0.8120     0.0260         -0.0270
   117    0.0240    0.4060     0.0040         -0.0200
   118    0.0830    1.0150     0.0300         -0.0530
   119    0.0960    1.2180     0.0470         -0.0490
   120    0.0840    1.4210     0.0230         -0.0610
   121    0.1280    1.2180     0.0670         -0.0610
   122    0.0610    1.2180     0.0300         -0.0310
   123    0.1190    1.0150     0.0760         -0.0430
   124    0.0780    1.0150     0.0470         -0.0310
   125    0.0430    0.8120     0.0260         -0.0170
   126    0.0240    1.0150     0.0100         -0.0140
   127    0.0450    0.6090     0.0290         -0.0160
   128    0.0410    0.6090     0.0260         -0.0150
   129    0.0330    0.8120     0.0090         -0.0240
   130    0.0680    1.4210     0.0350         -0.0330
   131    0.1000    0.6090     0.0480         -0.0520
   132    0.0610    0.6090     0.0090         -0.0520
   133    0.0150    0.4060     0.0000         -0.0150
   134    0.0340    0.6090     0.0170         -0.0170
   135    0.0370    0.8120     0.0200         -0.0170
   136    0.0800    0.8120     0.0510         -0.0290
   137    0.0730    1.0150     0.0390         -0.0340
   138    0.1000    0.8120     0.0560         -0.0440
   139    0.0660    1.0150     0.0390         -0.0270
   140    0.0970    1.0150     0.0480         -0.0490
   141    0.0760    1.0150     0.0270         -0.0490
   142    0.0480    1.2180     0.0130         -0.0350
   143    0.0760    1.2180     0.0290         -0.0470
   144    0.0590    0.8120     0.0350         -0.0240
   145    0.0640    0.8120     0.0190         -0.0450
   146    0.0680    1.0150     0.0230         -0.0450
   147    0.0610    0.6090     0.0360         -0.0250
   148    0.0310    0.8120     0.0060         -0.0250
   149    0.1010    1.2180     0.0530         -0.0480
   150    0.0840    0.8120     0.0440         -0.0400
   151    0.0510    1.0150     0.0110         -0.0400
   152    0.0620    0.6090     0.0240         -0.0380
   153    0.0870    1.0150     0.0490         -0.0380
   154    0.0860    0.8120     0.0380         -0.0480
   155    0.0790    1.2180     0.0430         -0.0360
   156    0.0880    1.0150     0.0280         -0.0600
   157    0.0910    1.0150     0.0530         -0.0380
   158    0.0690    1.0150     0.0320         -0.0370
   159    0.0420    1.2180     0.0250         -0.0170
   160    0.0740    1.0150     0.0360         -0.0380
   161    0.0510    1.0150     0.0280         -0.0230
   162    0.0430    0.4060     0.0330         -0.0100
   163    0.0320    0.4060     0.0090         -0.0230
   164    0.0900    0.8120     0.0450         -0.0450
   165    0.1140    1.0150     0.0570         -0.0570
   166    0.0740    1.0150     0.0290         -0.0450
   167    0.0920    1.0150     0.0450         -0.0470
   168    0.0920    1.2180     0.0450         -0.0470
   169    0.0950    1.0150     0.0560         -0.0390
   170    0.1060    1.4210     0.0460         -0.0600
   171    0.0620    1.0150     0.0360         -0.0260
   172    0.0670    1.2180     0.0350         -0.0320
   173    0.0650    0.8120     0.0380         -0.0270
   174    0.0440    0.6090     0.0240         -0.0200
   175    0.0770    0.8120     0.0350         -0.0420
   176    0.0790    1.0150     0.0360         -0.0430
   177    0.0590    0.8120     0.0180         -0.0410
   178    0.0730    1.0150     0.0270         -0.0460
   179    0.1370    1.2180     0.0770         -0.0600
   180    0.0410    1.4210     0.0240         -0.0170
   181    0.0420    0.6090     0.0270         -0.0150
   182    0.0340    0.6090     0.0080         -0.0260
   183    0.1030    1.0150     0.0450         -0.0580
   184    0.0760    1.0150     0.0180         -0.0580
   185    0.0260    0.4060     0.0090         -0.0170
   186    0.0840    1.0150     0.0410         -0.0430
   187    0.0670    1.2180     0.0310         -0.0360
   188    0.0820    1.2180     0.0570         -0.0250
   189    0.0550    1.0150     0.0330         -0.0220
   190    0.0250    0.4060     0.0080         -0.0170
   191    0.0310    1.4210     0.0060         -0.0250
   192    0.0770    0.6090     0.0320         -0.0450
   193    0.0640    1.2180     0.0190         -0.0450
   194    0.0740    1.0150     0.0300         -0.0440
   195    0.1140    0.8120     0.0500         -0.0640
   196    0.1050    1.0150     0.0600         -0.0450
   197    0.0670    1.0150     0.0350         -0.0320
   198    0.0230    0.4060     0.0110         -0.0120
   199    0.0600    1.0150     0.0250         -0.0350
   200    0.1070    1.0150     0.0570         -0.0500
   201    0.0570    1.2180     0.0350         -0.0220
   202    0.0380    0.6090     0.0330         -0.0050
   203    0.0050    0.4060     0.0000         -0.0050
   204    0.0390    1.0150     0.0060         -0.0330
   205    0.1150    1.2180     0.0720         -0.0430
   206    0.0870    1.2180     0.0450         -0.0420
   207    0.0680    1.0150     0.0230         -0.0450
   208    0.0820    1.2180     0.0340         -0.0480
   209    0.1320    1.0150     0.0720         -0.0600
   210    0.0820    1.2180     0.0450         -0.0370
   211    0.0700    0.8120     0.0380         -0.0320
   212    0.0890    1.2180     0.0410         -0.0480
   213    0.0640    0.6090     0.0320         -0.0320
   214    0.0660    1.0150     0.0340         -0.0320
   215    0.0550    1.0150     0.0260         -0.0290
   216    0.0530    1.0150     0.0310         -0.0220
   217    0.1280    1.0150     0.0540         -0.0740
   218    0.1090    1.2180     0.0660         -0.0430
   219    0.0890    0.8120     0.0580         -0.0310
   220    0.0580    0.8120     0.0260         -0.0320
   221    0.0640    1.0150     0.0320         -0.0320
   222    0.0730    1.0150     0.0450         -0.0280
   223    0.0430    0.8120     0.0060         -0.0370
   224    0.0720    0.8120     0.0430         -0.0290
   225    0.0440    0.4060     0.0240         -0.0200
   226    0.1170    0.8120     0.0620         -0.0550
   227    0.0840    1.0150     0.0290         -0.0550
   228    0.0240    0.4060     0.0010         -0.0230
   229    0.0480    0.6090     0.0190         -0.0290
   230    0.0730    1.4210     0.0240         -0.0490
   231    0.1650    1.0150     0.1000         -0.0650
   232    0.0900    1.2180     0.0440         -0.0460
   233    0.0950    1.0150     0.0480         -0.0470
   234    0.0900    1.0150     0.0390         -0.0510
   235    0.0780    0.8120     0.0270         -0.0510
   236    0.0520    1.2180     0.0310         -0.0210
   237    0.0630    1.0150     0.0360         -0.0270
   238    0.0680    1.2180     0.0310         -0.0370
   239    0.0970    1.2180     0.0580         -0.0390
   240    0.0680    1.4210     0.0410         -0.0270
   241    0.0590    1.4210     0.0240         -0.0350
   242    0.0760    1.0150     0.0470         -0.0290
   243    0.0320    0.8120     0.0090         -0.0230
   244    0.0080    0.6090     0.0050         -0.0030
   245    0.0350    1.0150     0.0190         -0.0160
   246    0.0760    1.6240     0.0270         -0.0490
   247    0.0900    1.0150     0.0580         -0.0320
   248    0.0410    0.6090     0.0250         -0.0160
   249    0.0270    1.0150     0.0120         -0.0150
   250    0.0600    0.8120     0.0240         -0.0360
   251    0.1150    1.0150     0.0680         -0.0470
   252    0.0690    1.2180     0.0310         -0.0380
   253    0.0210    0.6090     0.0070         -0.0140
   254    0.0310    1.0150     0.0020         -0.0290
   255    0.0410    1.2180     0.0270         -0.0140
   256    0.0340    1.8270     0.0200         -0.0140
   257    0.0650    1.0150     0.0340         -0.0310
   258    0.0490    0.8120     0.0370         -0.0120
   259    0.0160    0.4060     0.0040         -0.0120
   260    0.0650    1.2180     0.0380         -0.0270
   261    0.0430    1.0150     0.0210         -0.0220
   262    0.0420    1.0150     0.0120         -0.0300
   263    0.0840    1.4210     0.0580         -0.0260
   264    0.0690    1.6240     0.0350         -0.0340
   265    0.0680    1.0150     0.0410         -0.0270
   266    0.0370    1.0150     0.0120         -0.0250
   267    0.0640    1.2180     0.0330         -0.0310
   268    0.0970    1.6240     0.0320         -0.0650
   269    0.1420    1.2180     0.0790         -0.0630
   270    0.1130    1.2180     0.0680         -0.0450
   271    0.0410    0.8120     0.0160         -0.0250
   272    0.0920    1.2180     0.0400         -0.0520
   273    0.1020    1.0150     0.0570         -0.0450
   274    0.0830    1.2180     0.0380         -0.0450
   275    0.0430    1.0150     0.0030         -0.0400
   276    0.0470    0.6090     0.0240         -0.0230
   277    0.0310    0.8120     0.0080         -0.0230
   278    0.0300    1.2180     0.0130         -0.0170
   279    0.0620    1.2180     0.0350         -0.0270
   280    0.0990    1.4210     0.0350         -0.0640
   281    0.1830    1.0150     0.0990         -0.0840
   282    0.1170    1.2180     0.0550         -0.0620
   283    0.0780    1.2180     0.0290         -0.0490
   284    0.1010    1.0150     0.0480         -0.0530
   285    0.0900    1.2180     0.0610         -0.0290
   286    0.0500    1.2180     0.0310         -0.0190
   287    0.0510    1.0150     0.0190         -0.0320
   288    0.0620    1.4210     0.0180         -0.0440
   289    0.0440    0.8120     0.0240         -0.0200
   290    0.1100    0.8120     0.0590         -0.0510
   291    0.0840    1.0150     0.0540         -0.0300
   292    0.0700    0.8120     0.0440         -0.0260
   293    0.0610    1.0150     0.0350         -0.0260
   294    0.0460    1.4210     0.0250         -0.0210
   295    0.0510    0.8120     0.0220         -0.0290
   296    0.0660    0.6090     0.0310         -0.0350
   297    0.0620    1.4210     0.0270         -0.0350
   298    0.0700    1.0150     0.0360         -0.0340
   299    0.0470    1.2180     0.0260         -0.0210
   300    0.0820    1.0150     0.0470         -0.0350
   301    0.1090    1.0150     0.0490         -0.0600
   302    0.0960    1.0150     0.0500         -0.0460
   303    0.0700    1.4210     0.0240         -0.0460
   304    0.0370    0.6090     0.0250         -0.0120
   305    0.0380    0.8120     0.0220         -0.0160
   306    0.0890    1.0150     0.0490         -0.0400
   307    0.1130    1.2180     0.0530         -0.0600
   308    0.0980    0.8120     0.0610         -0.0370
   309    0.0720    1.4210     0.0320         -0.0400
   310    0.1490    1.0150     0.0840         -0.0650
   311    0.0850    0.8120     0.0380         -0.0470
   312    0.0550    0.6090     0.0160         -0.0390
   313    0.0990    1.0150     0.0640         -0.0350
   314    0.0430    0.8120     0.0170         -0.0260
   315    0.0340    0.8120     0.0080         -0.0260
   316    0.0990    0.8120     0.0360         -0.0630
   317    0.0920    0.8120     0.0290         -0.0630
   318    0.0500    1.0150     0.0200         -0.0300
   319    0.0360    0.8120     0.0150         -0.0210
   320    0.1140    1.0150     0.0460         -0.0680
   321    0.1460    1.2180     0.0780         -0.0680
   322    0.0790    1.0150     0.0400         -0.0390
   323    0.0560    1.2180     0.0220         -0.0340
   324    0.1360    1.0150     0.0750         -0.0610
   325    0.0970    1.0150     0.0680         -0.0290
   326    0.0270    0.8120     0.0180         -0.0090
   327    0.0900    0.8120     0.0380         -0.0520
   328    0.0600    0.8120     0.0390         -0.0210
   329    0.0460    0.4060     0.0250         -0.0210
   330    0.0460    1.0150     0.0190         -0.0270
   331    0.0340    0.8120     0.0200         -0.0140
   332    0.0220    0.4060     0.0090         -0.0130
   333    0.0700    0.8120     0.0470         -0.0230
   334    0.0400    0.6090     0.0090         -0.0310
   335    0.0400    1.0150     0.0090         -0.0310
   336    0.0480    1.0150     0.0240         -0.0240
   337    0.0210    0.6090     0.0060         -0.0150
   338    0.0530    0.6090     0.0220         -0.0310
   339    0.0620    0.8120     0.0060         -0.0560
   340    0.0920    0.8120     0.0650         -0.0270
   341    0.1390    1.4210     0.0800         -0.0590
   342    0.0740    1.0150     0.0150         -0.0590
   343    0.1640    3.0450     0.0830         -0.0810
   344    0.2500    3.0450     0.1410         -0.1090
   345    0.2850    2.8420     0.1400         -0.1450
   346    0.2390    3.0450     0.1180         -0.1210
   347    0.1960    2.4360     0.1340         -0.0620
   348    0.2470    2.4360     0.1250         -0.1220
   349    0.2700    2.6390     0.1480         -0.1220
   350    0.3410    2.4360     0.1790         -0.1620
   351    0.3660    2.6390     0.2490         -0.1170
   352    0.2530    2.4360     0.1460         -0.1070
   353    0.2840    2.4360     0.1480         -0.1360
   354    0.2570    2.4360     0.1590         -0.0980
   355    0.1920    2.2330     0.1000         -0.0920
   356    0.2190    2.4360     0.1370         -0.0820
   357    0.2300    2.2330     0.1140         -0.1160
   358    0.1850    2.4360     0.1020         -0.0830
   359    0.2170    2.0300     0.1200         -0.0970
   360    0.1740    1.0150     0.1030         -0.0710
   361    0.0790    1.2180     0.0110         -0.0680
   362    0.1760    1.4210     0.0820         -0.0940
   363    0.2100    2.4360     0.0990         -0.1110
   364    0.2020    2.4360     0.1110         -0.0910
   365    0.1820    1.8270     0.0940         -0.0880
   366    0.1660    2.2330     0.0710         -0.0950
   367    0.0950    2.0300     0.0550         -0.0400
   368    0.1180    1.0150     0.0980         -0.0200
   369    0.1240    0.8120     0.0050         -0.1190
   370    0.1400    1.6240     0.0780         -0.0620
   371    0.0370    0.4060     0.0060         -0.0310
   372    0.0500    0.6090     0.0150         -0.0350
   373    0.0760    1.4210     0.0260         -0.0500
   374    0.1700    1.8270     0.0700         -0.1000
   375    0.0520    1.2180     0.0450         -0.0070
   376    0.1270    1.0150     0.0360         -0.0910
   377    0.1980    1.4210     0.1290         -0.0690
   378    0.0430    0.8120     0.0060         -0.0370
   379    0.1500    2.0300     0.0920         -0.0580
   380    0.0680    1.2180     0.0320         -0.0360
   381    0.0670    1.2180     0.0430         -0.0240
   382    0.0300    0.4060     0.0060         -0.0240
   383    0.0410    1.0150     0.0170         -0.0240
   384    0.1070    1.2180     0.0360         -0.0710
   385    0.1380    1.0150     0.0670         -0.0710
   386    0.0560    0.8120     0.0130         -0.0430
   387    0.0920    0.6090     0.0490         -0.0430
   388    0.1230    1.6240     0.0340         -0.0890
   389    0.0740    1.2180     0.0350         -0.0390
   390    0.1410    1.6240     0.0690         -0.0720
   391    0.1300    2.4360     0.0480         -0.0820
   392    0.1620    1.8270     0.0850         -0.0770
   393    0.1160    1.8270     0.0770         -0.0390
   394    0.0450    0.8120     0.0060         -0.0390
   395    0.0660    1.4210     0.0430         -0.0230
   396    0.0320    0.8120     0.0090         -0.0230
   397    0.1170    1.8270     0.0590         -0.0580
   398    0.1010    0.8120     0.0920         -0.0090
   399    0.0500    1.2180     0.0210         -0.0290
   400    0.1290    1.2180     0.0550         -0.0740
   401    0.0860    1.4210     0.0490         -0.0370
   402    0.1290    0.8120     0.0680         -0.0610
   403    0.1310    1.0150     0.0440         -0.0870
   404    0.1800    0.8120     0.0930         -0.0870
   405    0.1920    1.4210     0.0630         -0.1290
   406    0.1590    2.4360     0.0680         -0.0910
   407    0.1230    2.0300     0.0790         -0.0440
   408    0.1060    1.4210     0.0630         -0.0430
   409    0.0770    0.8120     0.0190         -0.0580
   410    0.1300    1.4210     0.0600         -0.0700
   411    0.1000    1.0150     0.0750         -0.0250
   412    0.0930    0.8120     0.0450         -0.0480
   413    0.0580    1.0150     0.0100         -0.0480
   414    0.0480    1.2180     0.0260         -0.0220
   415    0.0330    0.8120     0.0110         -0.0220
   416    0.0200    0.6090     0.0100         -0.0100
   417    0.0540    0.8120     0.0190         -0.0350
   418    0.0970    1.0150     0.0430         -0.0540
   419    0.0980    1.2180     0.0330         -0.0650
   420    0.0770    1.4210     0.0400         -0.0370
   421    0.0460    0.8120     0.0200         -0.0260
   422    0.0820    1.0150     0.0370         -0.0450
   423    0.1140    1.6240     0.0560         -0.0580
   424    0.2820    1.0150     0.1770         -0.1050
   425    0.1700    1.2180     0.1010         -0.0690
   426    0.1080    1.4210     0.0680         -0.0400
   427    0.0560    0.6090     0.0280         -0.0280
   428    0.1120    1.2180     0.0520         -0.0600
   429    0.0610    1.2180     0.0190         -0.0420
   430    0.1000    1.0150     0.0260         -0.0740
   431    0.1480    0.8120     0.0740         -0.0740
   432    0.0700    1.4210     0.0290         -0.0410
   433    0.1000    1.0150     0.0510         -0.0490
   434    0.0830    1.0150     0.0370         -0.0460
   435    0.0970    1.4210     0.0510         -0.0460
   436    0.0910    1.2180     0.0400         -0.0510
   437    0.0580    0.8120     0.0220         -0.0360
   438    0.2610    1.4210     0.1410         -0.1200
   439    0.1750    1.8270     0.0930         -0.0820
   440    0.2890    1.6240     0.1740         -0.1150
   441    0.1610    1.8270     0.0830         -0.0780
   442    0.2040    1.6240     0.1130         -0.0910
   443    0.0870    1.2180     0.0540         -0.0330
   444    0.0620    0.8120     0.0160         -0.0460
   445    0.0740    1.0150     0.0450         -0.0290
   446    0.0630    1.0150     0.0330         -0.0300
   447    0.1100    1.6240     0.0440         -0.0660
   448    0.0620    0.6090     0.0390         -0.0230
   449    0.0760    2.0300     0.0370         -0.0390
   450    0.1900    1.4210     0.1210         -0.0690
   451    0.0280    0.6090     0.0040         -0.0240
   452    0.1090    1.4210     0.0460         -0.0630
   453    0.1040    1.0150     0.0530         -0.0510
   454    0.1650    1.2180     0.0900         -0.0750
   455    0.0790    2.4360     0.0290         -0.0500
   456    0.0380    0.6090     0.0160         -0.0220
   457    0.0710    1.4210     0.0360         -0.0350
   458    0.1490    1.4210     0.0920         -0.0570
   459    0.1690    1.4210     0.0720         -0.0970
   460    0.1290    1.4210     0.0690         -0.0600
   461    0.0770    0.8120     0.0460         -0.0310
   462    0.0750    1.0150     0.0440         -0.0310
   463    0.0800    1.2180     0.0220         -0.0580
   464    0.1630    1.2180     0.1050         -0.0580
   465    0.0970    1.2180     0.0490         -0.0480
   466    0.0200    0.8120     0.0010         -0.0190
   467    0.0170    0.6090     0.0040         -0.0130
   468    0.0350    0.6090     0.0050         -0.0300
   469    0.1430    0.8120     0.0680         -0.0750
   470    0.1450    1.0150     0.0880         -0.0570
   471    0.1260    1.4210     0.0670         -0.0590
   472    0.1170    1.6240     0.0730         -0.0440
   473    0.1620    1.0150     0.1080         -0.0540
   474    0.0640    1.4210     0.0300         -0.0340
   475    0.0290    0.6090     0.0030         -0.0260
   476    0.1050    1.4210     0.0670         -0.0380
   477    0.0210    0.6090     0.0140         -0.0070
   478    0.0290    0.6090     0.0120         -0.0170
   479    0.0280    0.6090     0.0130         -0.0150
   480    0.1390    1.2180     0.0720         -0.0670
   481    0.1560    1.2180     0.0760         -0.0800
   482    0.1540    1.6240     0.1010         -0.0530
   483    0.1740    1.2180     0.0900         -0.0840
   484    0.0960    1.4210     0.0300         -0.0660
   485    0.0660    1.2180     0.0300         -0.0360
   486    0.0110    0.4060     0.0010         -0.0100
   487    0.0190    0.8120     0.0080         -0.0110
   488    0.0510    1.2180     0.0250         -0.0260
   489    0.1100    1.2180     0.0590         -0.0510
   490    0.0390    0.6090     0.0090         -0.0300
   491    0.1390    1.2180     0.0510         -0.0880
   492    0.1370    1.4210     0.0660         -0.0710
   493    0.0410    0.6090     0.0170         -0.0240
   494    0.0920    1.2180     0.0470         -0.0450
   495    0.1130    2.0300     0.0440         -0.0690
   496    0.1300    0.8120     0.0870         -0.0430
   497    0.0480    0.6090     0.0130         -0.0350
   498    0.0370    0.6090     0.0340         -0.0030
   499    0.0650    0.8120     0.0020         -0.0630
   500    0.0800    1.2180     0.0470         -0.0330
   501    0.0550    1.4210     0.0220         -0.0330
   502    0.0990    1.0150     0.0470         -0.0520
   503    0.1040    1.0150     0.0520         -0.0520
   504    0.0960    1.0150     0.0440         -0.0520
   505    0.0840    1.2180     0.0410         -0.0430
   506    0.1220    1.0150     0.0490         -0.0730
   507    0.1290    1.4210     0.0440         -0.0850
   508    0.1760    1.6240     0.1150         -0.0610
   509    0.1050    1.0150     0.0350         -0.0700
   510    0.1050    1.0150     0.0710         -0.0340
   511    0.0400    0.6090     0.0260         -0.0140
   512    0.0610    0.8120     0.0210         -0.0400
   513    0.0790    1.6240     0.0290         -0.0500
   514    0.0890    1.4210     0.0670         -0.0220
   515    0.0500    1.0150     0.0000         -0.0500
   516    0.0640    1.2180     0.0360         -0.0280
   517    0.0160    0.4060     0.0150         -0.0010
   518    0.0700    1.2180     0.0300         -0.0400
   519    0.0250    0.6090     0.0040         -0.0210
   520    0.0740    1.8270     0.0400         -0.0340
   521    0.1540    1.4210     0.0870         -0.0670
   522    0.0460    0.8120     0.0290         -0.0170
   523    0.0940    1.8270     0.0500         -0.0440
   524    0.1180    2.2330     0.0480         -0.0700
   525    0.1310    1.0150     0.0680         -0.0630
   526    0.1090    1.0150     0.0510         -0.0580
   527    0.0390    1.0150     0.0010         -0.0380
   528    0.0840    2.0300     0.0350         -0.0490
   529    0.1150    2.6390     0.0660         -0.0490
   530    0.0780    1.0150     0.0310         -0.0470
   531    0.1260    1.2180     0.0710         -0.0550
   532    0.0240    1.0150     0.0080         -0.0160
   533    0.1040    1.6240     0.0610         -0.0430
   534    0.0730    1.0150     0.0340         -0.0390
   535    0.1620    1.0150     0.0830         -0.0790
   536    0.0650    0.8120     0.0170         -0.0480
   537    0.1950    1.8270     0.0890         -0.1060
   538    0.0580    0.8120     0.0400         -0.0180
   539    0.1690    1.4210     0.0650         -0.1040
   540    0.0800    2.2330     0.0350         -0.0450
   541    0.1000    1.0150     0.0560         -0.0440
   542    0.1170    1.2180     0.0610         -0.0560
   543    0.0270    0.6090     0.0190         -0.0080
   544    0.0460    1.2180     0.0180         -0.0280
   545    0.0260    0.8120     0.0140         -0.0120
   546    0.0360    0.8120     0.0150         -0.0210
   547    0.1610    1.2180     0.0510         -0.1100
   548    0.0710    1.0150     0.0310         -0.0400
   549    0.0650    1.2180     0.0440         -0.0210
   550    0.0700    1.0150     0.0230         -0.0470
   551    0.0790    1.6240     0.0280         -0.0510
   552    0.0470    0.8120     0.0230         -0.0240
   553    0.0780    0.4060     0.0630         -0.0150
   554    0.0760    1.0150     0.0230         -0.0530
   555    0.0690    1.0150     0.0340         -0.0350
   556    0.0950    0.8120     0.0600         -0.0350
   557    0.0450    1.2180     0.0070         -0.0380
   558    0.0880    0.8120     0.0630         -0.0250
   559    0.0620    0.8120     0.0200         -0.0420
   560    0.0630    1.2180     0.0210         -0.0420
   561    0.0640    1.0150     0.0490         -0.0150
   562    0.0210    0.4060     0.0060         -0.0150
   563    0.0460    1.0150     0.0060         -0.0400
   564    0.0900    1.0150     0.0420         -0.0480
   565    0.1010    1.0150     0.0490         -0.0520
   566    0.0870    2.0300     0.0380         -0.0490
   567    0.0460    0.6090     0.0190         -0.0270
   568    0.0530    1.2180     0.0170         -0.0360
   569    0.1300    1.2180     0.0660         -0.0640
   570    0.0940    1.2180     0.0600         -0.0340
   571    0.0640    1.0150     0.0130         -0.0510
   572    0.0390    0.4060     0.0270         -0.0120
   573    0.0640    1.2180     0.0320         -0.0320
   574    0.0750    0.8120     0.0380         -0.0370
   575    0.1570    1.6240     0.0760         -0.0810
   576    0.1050    1.0150     0.0720         -0.0330
   577    0.0660    0.8120     0.0120         -0.0540
   578    0.0810    0.8120     0.0570         -0.0240
   579    0.1090    1.0150     0.0460         -0.0630
   580    0.1000    0.8120     0.0370         -0.0630
   581    0.1090    0.8120     0.0510         -0.0580
   582    0.1210    1.0150     0.0580         -0.0630
   583    0.1480    1.4210     0.0850         -0.0630
   584    0.1920    1.0150     0.1010         -0.0910
   585    0.0810    1.0150     0.0400         -0.0410
   586    0.0230    0.4060     0.0050         -0.0180
   587    0.0470    1.2180     0.0140         -0.0330
   588    0.0890    1.2180     0.0410         -0.0480
   589    0.0520    1.2180     0.0230         -0.0290
   590    0.1080    1.0150     0.0460         -0.0620
   591    0.0840    1.0150     0.0280         -0.0560
   592    0.0900    1.2180     0.0310         -0.0590
   593    0.0690    0.6090     0.0270         -0.0420
   594    0.1030    1.0150     0.0610         -0.0420
   595    0.0740    0.8120     0.0280         -0.0460
   596    0.0470    0.6090     0.0060         -0.0410
   597    0.0710    1.4210     0.0360         -0.0350
   598    0.0570    1.2180     0.0220         -0.0350
   599    0.0770    1.2180     0.0290         -0.0480
   600    0.1300    1.2180     0.0690         -0.0610
   601    0.0940    1.2180     0.0570         -0.0370
   602    0.0730    1.6240     0.0360         -0.0370
   603    0.0740    0.8120     0.0220         -0.0520
   604    0.1770    1.0150     0.0980         -0.0790
   605    0.1100    1.4210     0.0580         -0.0520
   606    0.1600    1.2180     0.0770         -0.0830
   607    0.0890    1.0150     0.0560         -0.0330
   608    0.0860    1.2180     0.0360         -0.0500
   609    0.0870    1.2180     0.0520         -0.0350
   610    0.0160    1.2180     0.0100         -0.0060
   611    0.0330    0.8120     0.0190         -0.0140
   612    0.0450    0.8120     0.0060         -0.0390
   613    0.0880    1.4210     0.0610         -0.0270
   614    0.0240    0.6090     0.0220         -0.0020
   615    0.0390    0.6090     0.0210         -0.0180
   616    0.0690    0.8120     0.0190         -0.0500
   617    0.1600    1.0150     0.1080         -0.0520
   618    0.0510    0.8120     0.0110         -0.0400
   619    0.0330    0.6090     0.0040         -0.0290
   620    0.0770    1.4210     0.0360         -0.0410
   621    0.0760    0.6090     0.0350         -0.0410
   622    0.0930    0.8120     0.0410         -0.0520
   623    0.1020    0.8120     0.0540         -0.0480
   624    0.0940    1.0150     0.0330         -0.0610
   625    0.0960    1.0150     0.0440         -0.0520
   626    0.1060    1.0150     0.0570         -0.0490
   627    0.0480    0.6090     0.0080         -0.0400
   628    0.0630    0.8120     0.0440         -0.0190
   629    0.0310    0.4060     0.0120         -0.0190
   630    0.0410    0.8120     0.0180         -0.0230
   631    0.0310    0.4060     0.0080         -0.0230
   632    0.0850    0.6090     0.0240         -0.0610
   633    0.1130    1.6240     0.0470         -0.0660
   634    0.1640    1.0150     0.0920         -0.0720
   635    0.1570    1.2180     0.0860         -0.0710
   636    0.1150    1.2180     0.0670         -0.0480
   637    0.1400    1.2180     0.0730         -0.0670
   638    0.1040    1.2180     0.0520         -0.0520
   639    0.1200    1.2180     0.0540         -0.0660
   640    0.0790    1.2180     0.0310         -0.0480
   641    0.0860    0.8120     0.0290         -0.0570
   642    0.1150    1.4210     0.0580         -0.0570
   643    0.0410    0.6090     0.0140         -0.0270
   644    0.0320    0.8120     0.0160         -0.0160
   645    0.0540    1.0150     0.0350         -0.0190
   646    0.0370    1.0150     0.0120         -0.0250
   647    0.0820    1.0150     0.0430         -0.0390
   648    0.0620    1.2180     0.0280         -0.0340
   649    0.0460    1.0150     0.0070         -0.0390
   650    0.0400    0.6090     0.0170         -0.0230
   651    0.0330    0.4060     0.0100         -0.0230
   652    0.0480    0.8120     0.0430         -0.0050
   653    0.0920    1.0150     0.0340         -0.0580
   654    0.0380    1.6240     0.0270         -0.0110
   655    0.0580    1.0150     0.0040         -0.0540
   656    0.1340    1.0150     0.0840         -0.0500
   657    0.1180    1.2180     0.0440         -0.0740
   658    0.0760    1.4210     0.0530         -0.0230
   659    0.0140    0.8120     0.0020         -0.0120
   660    0.0070    0.4060     0.0010         -0.0060
   661    0.0690    2.2330     0.0410         -0.0280
   662    0.1060    1.4210     0.0610         -0.0450
   663    0.0460    0.6090     0.0180         -0.0280
   664    0.1550    1.4210     0.0790         -0.0760
   665    0.1050    2.2330     0.0290         -0.0760
   666    0.0790    0.8120     0.0350         -0.0440
   667    0.0940    1.2180     0.0500         -0.0440
   668    0.0100    0.4060     0.0070         -0.0030
   669    0.0180    0.8120     0.0110         -0.0070
   670    0.0470    1.0150     0.0220         -0.0250
   671    0.0280    1.0150     0.0030         -0.0250
   672    0.0370    1.0150     0.0310         -0.0060
   673    0.0850    0.8120     0.0280         -0.0570
   674    0.0650    1.2180     0.0420         -0.0230
   675    0.0880    1.4210     0.0330         -0.0550
   676    0.0910    1.6240     0.0360         -0.0550
   677    0.1250    1.2180     0.0630         -0.0620
   678    0.1160    1.2180     0.0660         -0.0500
   679    0.0930    1.4210     0.0540         -0.0390
   680    0.1040    1.2180     0.0520         -0.0520
   681    0.0090    0.4060     0.0010         -0.0080
   682    0.0380    1.0150     0.0290         -0.0090
   683    0.0830    1.6240     0.0490         -0.0340
   684    0.0740    1.6240     0.0430         -0.0310
   685    0.0520    1.6240     0.0230         -0.0290
   686    0.0890    1.0150     0.0540         -0.0350
   687    0.0370    1.4210     0.0130         -0.0240
   688    0.0340    0.6090     0.0240         -0.0100
   689    0.0470    1.6240     0.0020         -0.0450
   690    0.1390    1.0150     0.0920         -0.0470
   691    0.0950    1.4210     0.0370         -0.0580
   692    0.0850    1.0150     0.0540         -0.0310
   693    0.1250    1.2180     0.0750         -0.0500
   694    0.0620    1.4210     0.0280         -0.0340
   695    0.0190    0.4060     0.0070         -0.0120
   696    0.0440    0.8120     0.0150         -0.0290
   697    0.1380    1.4210     0.0840         -0.0540
   698    0.0700    1.2180     0.0340         -0.0360
   699    0.0760    1.0150     0.0370         -0.0390
   700    0.0250    0.8120     0.0170         -0.0080
   701    0.0220    0.4060     0.0120         -0.0100
   702    0.0620    1.2180     0.0310         -0.0310
   703    0.0840    1.0150     0.0420         -0.0420
   704    0.0750    0.8120     0.0240         -0.0510
   705    0.0840    1.0150     0.0330         -0.0510
   706    0.1030    1.2180     0.0580         -0.0450
   707    0.0820    2.0300     0.0370         -0.0450
   708    0.0780    0.8120     0.0450         -0.0330
   709    0.0690    1.2180     0.0420         -0.0270
   710    0.0460    1.4210     0.0090         -0.0370
   711    0.0560    1.0150     0.0340         -0.0220
   712    0.0760    1.2180     0.0460         -0.0300
   713    0.1310    1.0150     0.0730         -0.0580
   714    0.0970    1.0150     0.0390         -0.0580
   715    0.0940    1.4210     0.0620         -0.0320
   716    0.0260    1.0150     0.0140         -0.0120
   717    0.0560    1.4210     0.0180         -0.0380
   718    0.0810    1.4210     0.0450         -0.0360
   719    0.1050    0.8120     0.0490         -0.0560
   720    0.1100    1.4210     0.0690         -0.0410
   721    0.0850    1.0150     0.0500         -0.0350
   722    0.0360    1.0150     0.0020         -0.0340
   723    0.0520    2.2330     0.0250         -0.0270
   724    0.0270    0.4060     0.0160         -0.0110
   725    0.0700    1.4210     0.0510         -0.0190
   726    0.1210    1.4210     0.0370         -0.0840
   727    0.1310    1.0150     0.0920         -0.0390
   728    0.0290    0.6090     0.0030         -0.0260
   729    0.0740    0.8120     0.0450         -0.0290
   730    0.1420    1.2180     0.0620         -0.0800
   731    0.0830    0.8120     0.0290         -0.0540
   732    0.1200    1.2180     0.0610         -0.0590
   733    0.1220    1.6240     0.0670         -0.0550
   734    0.0110    0.4060     0.0020         -0.0090
