 
  * * * * * * * PROGRAM ZCROSS * * * * * * * *
  * *
  * M.J. KRAFFT *
  * *
  * *
  * Zero Up-Crossing Analysis *
  * *
  * * * * * * * * * * * * * * * * * * * * * * *
 
 
  * * * * * * * * INPUT DATA * * * * * * * * *
 
  INPUT TIME SERIES ANALYZED: vagues.in   
  NUMBER OF POINTS IN SERIES:        10335
  TIME SERIES TIME STEP :   0.2030000      SEC
  TIME SERIES RECORD LENGTH :    2097.802      SEC
 
  Notes: -mean of time series has been removed.
  -except for computation of mean of input
  time series, data prior to first up-
  crossing and data after last up-crossing
  has been ignored in z-cross analysis.
 
  * * * Z-CROSS WAVE HEIGHT/PERIOD DATA * * * *
 
 INDEX   HEIGHT    PERIOD     CREST HEIGHT   TROUGH DEPTH
     1    0.0240    0.6090     0.0069         -0.0171
     2    0.0760    1.6240     0.0589         -0.0171
     3    0.0410    1.2180     0.0309         -0.0101
     4    0.0620    1.4210     0.0389         -0.0231
     5    0.0400    0.8120     0.0169         -0.0231
     6    0.0580    1.2180     0.0469         -0.0111
     7    0.0330    0.4060     0.0209         -0.0121
     8    0.0320    0.6090     0.0199         -0.0121
     9    0.0380    0.6090     0.0229         -0.0151
    10    0.0380    0.6090     0.0229         -0.0151
    11    0.0490    0.6090     0.0349         -0.0141
    12    0.0500    1.4210     0.0429         -0.0071
    13    0.0070    0.4060     0.0019         -0.0051
    14    0.0570    2.8420     0.0329         -0.0241
    15    0.0230    0.4060     0.0039         -0.0191
    16    0.0460    2.0300     0.0269         -0.0191
    17    0.0340    4.0600     0.0229         -0.0111
    18    0.0390    1.4210     0.0279         -0.0111
    19    0.0300    1.2180     0.0189         -0.0111
    20    0.0180    0.6090     0.0069         -0.0111
    21    0.0350    1.2180     0.0279         -0.0071
    22    0.0100    0.6090     0.0029         -0.0071
    23    0.0200    0.6090     0.0149         -0.0051
    24    0.0500    1.2180     0.0449         -0.0051
    25    0.0350    0.8120     0.0209         -0.0141
    26    0.0410    1.0150     0.0269         -0.0141
    27    0.0330    0.6090     0.0189         -0.0141
    28    0.0460    2.4360     0.0299         -0.0161
    29    0.0460    2.8420     0.0309         -0.0151
    30    0.0080    0.4060     0.0049         -0.0031
    31    0.0470    1.4210     0.0289         -0.0181
    32    0.0520    1.0150     0.0349         -0.0171
    33    0.0430    0.8120     0.0249         -0.0181
    34    0.0430    0.4060     0.0249         -0.0181
    35    0.0230    0.4060     0.0089         -0.0141
    36    0.0420    1.6240     0.0329         -0.0091
    37    0.0230    0.4060     0.0089         -0.0141
    38    0.0630    2.0300     0.0489         -0.0141
    39    0.0310    0.6090     0.0269         -0.0041
    40    0.0420    1.2180     0.0269         -0.0151
    41    0.0180    0.4060     0.0029         -0.0151
    42    0.0120    0.4060     0.0029         -0.0091
    43    0.0410    0.8120     0.0299         -0.0111
    44    0.0400    0.6090     0.0269         -0.0131
    45    0.0220    0.6090     0.0089         -0.0131
    46    0.0610    1.6240     0.0369         -0.0241
    47    0.0500    1.6240     0.0349         -0.0151
    48    0.0210    1.6240     0.0139         -0.0071
    49    0.0160    1.0150     0.0149         -0.0011
    50    0.0440    1.4210     0.0279         -0.0161
    51    0.0540    1.4210     0.0319         -0.0221
    52    0.0460    1.6240     0.0239         -0.0221
    53    0.0210    0.4060     0.0069         -0.0141
    54    0.0590    1.0150     0.0449         -0.0141
    55    0.0470    0.6090     0.0289         -0.0181
    56    0.0540    1.0150     0.0239         -0.0301
    57    0.0620    0.8120     0.0469         -0.0151
    58    0.0300    0.4060     0.0149         -0.0151
    59    0.0450    0.8120     0.0269         -0.0181
    60    0.0250    1.0150     0.0069         -0.0181
    61    0.0270    0.4060     0.0239         -0.0031
    62    0.0240    0.6090     0.0129         -0.0111
    63    0.0410    0.8120     0.0209         -0.0201
    64    0.0670    0.8120     0.0359         -0.0311
    65    0.0420    0.6090     0.0109         -0.0311
    66    0.0480    0.6090     0.0369         -0.0111
    67    0.0830    0.4060     0.0409         -0.0421
    68    0.0970    0.6090     0.0549         -0.0421
    69    0.0380    1.0150     0.0229         -0.0151
    70    0.0230    0.6090     0.0139         -0.0091
    71    0.0510    0.8120     0.0229         -0.0281
    72    0.0490    0.6090     0.0209         -0.0281
    73    0.0340    0.8120     0.0289         -0.0051
    74    0.0280    0.6090     0.0069         -0.0211
    75    0.0920    1.4210     0.0459         -0.0461
    76    0.0380    0.6090     0.0289         -0.0091
    77    0.0500    1.0150     0.0379         -0.0121
    78    0.0270    1.0150     0.0089         -0.0181
    79    0.0370    0.8120     0.0229         -0.0141
    80    0.0400    0.8120     0.0259         -0.0141
    81    0.0330    0.8120     0.0099         -0.0231
    82    0.0140    0.6090     0.0089         -0.0051
    83    0.0470    2.6390     0.0329         -0.0141
    84    0.0380    0.6090     0.0269         -0.0111
    85    0.0330    0.8120     0.0279         -0.0051
    86    0.0490    0.6090     0.0329         -0.0161
    87    0.0390    0.6090     0.0229         -0.0161
    88    0.0500    1.0150     0.0309         -0.0191
    89    0.0240    0.8120     0.0159         -0.0081
    90    0.0380    0.4060     0.0249         -0.0131
    91    0.0260    0.8120     0.0129         -0.0131
    92    0.0160    0.4060     0.0049         -0.0111
    93    0.0410    1.2180     0.0149         -0.0261
    94    0.0750    1.0150     0.0489         -0.0261
    95    0.0250    0.4060     0.0009         -0.0241
    96    0.0710    1.0150     0.0599         -0.0111
    97    0.0590    0.8120     0.0369         -0.0221
    98    0.0260    0.8120     0.0149         -0.0111
    99    0.0420    0.6090     0.0329         -0.0091
   100    0.0430    0.6090     0.0189         -0.0241
   101    0.0540    1.2180     0.0299         -0.0241
   102    0.0250    0.8120     0.0129         -0.0121
   103    0.0410    1.4210     0.0249         -0.0161
   104    0.0250    0.4060     0.0089         -0.0161
   105    0.0230    0.8120     0.0159         -0.0071
   106    0.0420    1.6240     0.0219         -0.0201
   107    0.0340    1.6240     0.0309         -0.0031
   108    0.0210    0.6090     0.0039         -0.0171
   109    0.0300    0.6090     0.0139         -0.0161
   110    0.0320    1.4210     0.0159         -0.0161
   111    0.0240    0.8120     0.0109         -0.0131
   112    0.0490    1.4210     0.0309         -0.0181
   113    0.0310    0.6090     0.0119         -0.0191
   114    0.0730    1.4210     0.0409         -0.0321
   115    0.0370    0.6090     0.0049         -0.0321
   116    0.0590    2.0300     0.0389         -0.0201
   117    0.0280    1.4210     0.0129         -0.0151
   118    0.0320    0.8120     0.0229         -0.0091
   119    0.0530    0.6090     0.0419         -0.0111
   120    0.0220    0.8120     0.0029         -0.0191
   121    0.0460    1.0150     0.0199         -0.0261
   122    0.0730    0.6090     0.0309         -0.0421
   123    0.0840    1.4210     0.0419         -0.0421
   124    0.0350    0.6090     0.0069         -0.0281
   125    0.0470    0.4060     0.0189         -0.0281
   126    0.0600    1.4210     0.0359         -0.0241
   127    0.0340    1.0150     0.0099         -0.0241
   128    0.0270    0.6090     0.0239         -0.0031
   129    0.0700    0.6090     0.0269         -0.0431
   130    0.0830    1.6240     0.0399         -0.0431
   131    0.0450    0.8120     0.0069         -0.0381
   132    0.0540    1.4210     0.0449         -0.0091
   133    0.0430    0.6090     0.0049         -0.0381
   134    0.0710    0.6090     0.0329         -0.0381
   135    0.0340    1.2180     0.0229         -0.0111
   136    0.0320    0.6090     0.0209         -0.0111
   137    0.0390    1.0150     0.0229         -0.0161
   138    0.0340    0.4060     0.0179         -0.0161
   139    0.0290    0.6090     0.0129         -0.0161
   140    0.0590    0.6090     0.0439         -0.0151
   141    0.0460    0.6090     0.0259         -0.0201
   142    0.0360    0.6090     0.0079         -0.0281
   143    0.0530    1.6240     0.0249         -0.0281
   144    0.0440    1.0150     0.0389         -0.0051
   145    0.0460    0.4060     0.0149         -0.0311
   146    0.0520    0.8120     0.0209         -0.0311
   147    0.0480    0.6090     0.0329         -0.0151
   148    0.0640    1.2180     0.0279         -0.0361
   149    0.0950    0.8120     0.0729         -0.0221
   150    0.0520    0.6090     0.0229         -0.0291
   151    0.0340    0.8120     0.0049         -0.0291
   152    0.0510    0.6090     0.0349         -0.0161
   153    0.0770    0.8120     0.0349         -0.0421
   154    0.0980    0.8120     0.0559         -0.0421
   155    0.0330    1.0150     0.0059         -0.0271
   156    0.0130    0.4060     0.0039         -0.0091
   157    0.0980    0.8120     0.0919         -0.0061
   158    0.0430    0.6090     0.0029         -0.0401
   159    0.0910    1.6240     0.0409         -0.0501
   160    0.0790    2.0300     0.0389         -0.0401
   161    0.0740    1.4210     0.0379         -0.0361
   162    0.0590    0.4060     0.0229         -0.0361
   163    0.0300    0.4060     0.0069         -0.0231
   164    0.0840    1.0150     0.0569         -0.0271
   165    0.0380    0.6090     0.0019         -0.0361
   166    0.0590    1.4210     0.0349         -0.0241
   167    0.1060    2.0300     0.0729         -0.0331
   168    0.0620    1.6240     0.0419         -0.0201
   169    0.0320    1.4210     0.0179         -0.0141
   170    0.0150    0.4060     0.0009         -0.0141
   171    0.0580    0.8120     0.0299         -0.0281
   172    0.0360    0.6090     0.0029         -0.0331
   173    0.1380    1.2180     0.0799         -0.0581
   174    0.0900    0.6090     0.0319         -0.0581
   175    0.0770    1.2180     0.0509         -0.0261
   176    0.0380    0.8120     0.0219         -0.0161
   177    0.0610    1.0150     0.0309         -0.0301
   178    0.0850    1.6240     0.0529         -0.0321
   179    0.0700    1.4210     0.0379         -0.0321
   180    0.0270    0.4060     0.0069         -0.0201
   181    0.0490    0.6090     0.0379         -0.0111
   182    0.0340    0.4060     0.0049         -0.0291
   183    0.0410    0.6090     0.0089         -0.0321
   184    0.0950    1.0150     0.0509         -0.0441
   185    0.0420    0.4060     0.0169         -0.0251
   186    0.0830    1.0150     0.0429         -0.0401
   187    0.0470    0.4060     0.0109         -0.0361
   188    0.0410    0.8120     0.0169         -0.0241
   189    0.0860    0.6090     0.0439         -0.0421
   190    0.0870    0.8120     0.0449         -0.0421
   191    0.0340    0.6090     0.0109         -0.0231
   192    0.0690    0.8120     0.0359         -0.0331
   193    0.0630    0.8120     0.0149         -0.0481
   194    0.0720    0.6090     0.0479         -0.0241
   195    0.0340    0.6090     0.0099         -0.0241
   196    0.0240    0.8120     0.0129         -0.0111
   197    0.0240    0.4060     0.0079         -0.0161
   198    0.0530    0.8120     0.0259         -0.0271
   199    0.0630    1.4210     0.0389         -0.0241
   200    0.0200    0.6090     0.0169         -0.0031
   201    0.0200    0.8120     0.0039         -0.0161
   202    0.0310    0.6090     0.0159         -0.0151
   203    0.0290    0.6090     0.0039         -0.0251
   204    0.0550    0.6090     0.0299         -0.0251
   205    0.0150    0.4060     0.0029         -0.0121
   206    0.0420    0.4060     0.0159         -0.0261
   207    0.0890    1.0150     0.0349         -0.0541
   208    0.0650    0.6090     0.0109         -0.0541
   209    0.0810    1.0150     0.0429         -0.0381
   210    0.0430    1.4210     0.0099         -0.0331
   211    0.0250    0.6090     0.0029         -0.0221
   212    0.0850    0.6090     0.0509         -0.0341
   213    0.0560    0.6090     0.0219         -0.0341
   214    0.0840    1.0150     0.0429         -0.0411
   215    0.0640    0.8120     0.0229         -0.0411
   216    0.0270    0.4060     0.0139         -0.0131
   217    0.0320    0.8120     0.0129         -0.0191
   218    0.0370    0.6090     0.0179         -0.0191
   219    0.0580    0.6090     0.0199         -0.0381
   220    0.0710    1.6240     0.0329         -0.0381
   221    0.0510    1.0150     0.0199         -0.0311
   222    0.0620    0.4060     0.0179         -0.0441
   223    0.0830    1.2180     0.0389         -0.0441
   224    0.1010    1.6240     0.0569         -0.0441
   225    0.0930    0.8120     0.0469         -0.0461
   226    0.0650    1.4210     0.0229         -0.0421
   227    0.0570    1.0150     0.0169         -0.0401
   228    0.0620    1.0150     0.0359         -0.0261
   229    0.0910    0.8120     0.0329         -0.0581
   230    0.0500    0.6090     0.0309         -0.0191
   231    0.0450    0.8120     0.0129         -0.0321
   232    0.0720    1.2180     0.0379         -0.0341
   233    0.0670    1.4210     0.0409         -0.0261
   234    0.0940    1.0150     0.0479         -0.0461
   235    0.0360    0.6090     0.0109         -0.0251
   236    0.0670    0.8120     0.0229         -0.0441
   237    0.1150    1.2180     0.0709         -0.0441
   238    0.0230    0.8120     0.0189         -0.0041
   239    0.0280    1.0150     0.0029         -0.0251
   240    0.0790    0.8120     0.0389         -0.0401
   241    0.0870    1.4210     0.0329         -0.0541
   242    0.0530    0.8120     0.0279         -0.0251
   243    0.0490    0.6090     0.0139         -0.0351
   244    0.0520    0.8120     0.0169         -0.0351
   245    0.0290    0.6090     0.0009         -0.0281
   246    0.0350    0.6090     0.0069         -0.0281
   247    0.0610    0.8120     0.0289         -0.0321
   248    0.0410    0.6090     0.0249         -0.0161
   249    0.0520    1.2180     0.0279         -0.0241
   250    0.0820    0.6090     0.0459         -0.0361
   251    0.0410    0.6090     0.0049         -0.0361
   252    0.0830    1.0150     0.0469         -0.0361
   253    0.0390    0.4060     0.0129         -0.0261
   254    0.0650    0.6090     0.0489         -0.0161
   255    0.0350    0.8120     0.0189         -0.0161
   256    0.0740    0.8120     0.0329         -0.0411
   257    0.0730    1.8270     0.0319         -0.0411
   258    0.0430    0.4060     0.0249         -0.0181
   259    0.0270    0.8120     0.0069         -0.0201
   260    0.0160    0.4060     0.0049         -0.0111
   261    0.0760    0.8120     0.0279         -0.0481
   262    0.0570    1.0150     0.0179         -0.0391
   263    0.0710    1.0150     0.0389         -0.0321
   264    0.0650    1.0150     0.0329         -0.0321
   265    0.0490    0.8120     0.0329         -0.0161
   266    0.0560    0.8120     0.0109         -0.0451
   267    0.0660    1.0150     0.0339         -0.0321
   268    0.0480    0.6090     0.0259         -0.0221
   269    0.0400    0.8120     0.0009         -0.0391
   270    0.0680    1.2180     0.0419         -0.0261
   271    0.0670    1.2180     0.0409         -0.0261
   272    0.0450    0.6090     0.0189         -0.0261
   273    0.0180    1.2180     0.0049         -0.0131
   274    0.0730    0.6090     0.0329         -0.0401
   275    0.0760    0.8120     0.0349         -0.0411
   276    0.0850    1.0150     0.0369         -0.0481
   277    0.1010    1.0150     0.0529         -0.0481
   278    0.0590    0.8120     0.0249         -0.0341
   279    0.0680    0.8120     0.0359         -0.0321
   280    0.0630    0.6090     0.0239         -0.0391
   281    0.1070    0.8120     0.0679         -0.0391
   282    0.1010    0.6090     0.0579         -0.0431
   283    0.0940    1.0150     0.0409         -0.0531
   284    0.0880    1.4210     0.0349         -0.0531
   285    0.0650    0.6090     0.0409         -0.0241
   286    0.0730    0.4060     0.0269         -0.0461
   287    0.0790    1.0150     0.0329         -0.0461
   288    0.0660    1.2180     0.0369         -0.0291
   289    0.0650    0.8120     0.0269         -0.0381
   290    0.0700    1.0150     0.0399         -0.0301
   291    0.0710    0.8120     0.0409         -0.0301
   292    0.0530    0.8120     0.0149         -0.0381
   293    0.0880    1.0150     0.0519         -0.0361
   294    0.0300    0.4060     0.0169         -0.0131
   295    0.0480    0.6090     0.0349         -0.0131
   296    0.0420    1.0150     0.0149         -0.0271
   297    0.0500    0.4060     0.0179         -0.0321
   298    0.0650    0.4060     0.0329         -0.0321
   299    0.0250    0.6090     0.0029         -0.0221
   300    0.0540    0.8120     0.0219         -0.0321
   301    0.1100    1.0150     0.0629         -0.0471
   302    0.0750    1.0150     0.0369         -0.0381
   303    0.0560    0.8120     0.0179         -0.0381
   304    0.0450    1.0150     0.0149         -0.0301
   305    0.0310    0.6090     0.0069         -0.0241
   306    0.0380    1.0150     0.0119         -0.0261
   307    0.0210    1.0150     0.0049         -0.0161
   308    0.0400    1.2180     0.0159         -0.0241
   309    0.0270    0.8120     0.0069         -0.0201
   310    0.0550    1.0150     0.0189         -0.0361
   311    0.0530    1.0150     0.0209         -0.0321
   312    0.0550    0.6090     0.0079         -0.0471
   313    0.1020    1.0150     0.0489         -0.0531
   314    0.0870    1.2180     0.0389         -0.0481
   315    0.0620    0.8120     0.0249         -0.0371
   316    0.0250    0.8120     0.0089         -0.0161
   317    0.0230    1.0150     0.0089         -0.0141
   318    0.0520    0.6090     0.0019         -0.0501
   319    0.0810    0.8120     0.0309         -0.0501
   320    0.1260    0.8120     0.0689         -0.0571
   321    0.0680    1.0150     0.0339         -0.0341
   322    0.0320    0.6090     0.0059         -0.0261
   323    0.0760    1.0150     0.0319         -0.0441
   324    0.0690    0.8120     0.0359         -0.0331
   325    0.0720    1.0150     0.0309         -0.0411
   326    0.0800    1.0150     0.0429         -0.0371
   327    0.0340    1.0150     0.0209         -0.0131
   328    0.0350    1.0150     0.0059         -0.0291
   329    0.1290    1.0150     0.0569         -0.0721
   330    0.0890    1.0150     0.0499         -0.0391
   331    0.0610    0.8120     0.0289         -0.0321
   332    0.0610    0.6090     0.0369         -0.0241
   333    0.0560    0.8120     0.0259         -0.0301
   334    0.0930    0.8120     0.0279         -0.0651
   335    0.1510    1.0150     0.0749         -0.0761
   336    0.1120    0.8120     0.0649         -0.0471
   337    0.0780    1.2180     0.0309         -0.0471
   338    0.0790    0.6090     0.0419         -0.0371
   339    0.0730    0.8120     0.0359         -0.0371
   340    0.0880    1.0150     0.0469         -0.0411
   341    0.0710    1.2180     0.0329         -0.0381
   342    0.0710    0.6090     0.0329         -0.0381
   343    0.0430    0.6090     0.0069         -0.0361
   344    0.0560    1.0150     0.0199         -0.0361
   345    0.0540    1.2180     0.0179         -0.0361
   346    0.0810    0.8120     0.0559         -0.0251
   347    0.0310    0.6090     0.0029         -0.0281
   348    0.0320    0.6090     0.0039         -0.0281
   349    0.0700    0.6090     0.0419         -0.0281
   350    0.0330    0.6090     0.0049         -0.0281
   351    0.0600    0.6090     0.0219         -0.0381
   352    0.0690    0.8120     0.0309         -0.0381
   353    0.0730    1.2180     0.0229         -0.0501
   354    0.0370    0.6090     0.0139         -0.0231
   355    0.0980    0.8120     0.0679         -0.0301
   356    0.0350    1.0150     0.0049         -0.0301
   357    0.0570    0.6090     0.0259         -0.0311
   358    0.1040    1.0150     0.0479         -0.0561
   359    0.0750    0.8120     0.0319         -0.0431
   360    0.0310    1.0150     0.0109         -0.0201
   361    0.0360    1.0150     0.0099         -0.0261
   362    0.0740    1.2180     0.0289         -0.0451
   363    0.0470    0.8120     0.0089         -0.0381
   364    0.0580    0.6090     0.0349         -0.0231
   365    0.0410    0.6090     0.0179         -0.0231
   366    0.0250    0.8120     0.0009         -0.0241
   367    0.0490    1.0150     0.0169         -0.0321
   368    0.0470    0.8120     0.0159         -0.0311
   369    0.0900    1.4210     0.0369         -0.0531
   370    0.0530    0.6090     0.0199         -0.0331
   371    0.0730    0.8120     0.0389         -0.0341
   372    0.0770    0.6090     0.0409         -0.0361
   373    0.1040    1.0150     0.0459         -0.0581
   374    0.0680    1.4210     0.0319         -0.0361
   375    0.0760    1.0150     0.0379         -0.0381
   376    0.0240    0.6090     0.0069         -0.0171
   377    0.0120    0.4060     0.0009         -0.0111
   378    0.0350    0.6090     0.0259         -0.0091
   379    0.0290    1.0150     0.0009         -0.0281
   380    0.1000    0.8120     0.0329         -0.0671
   381    0.1350    0.8120     0.0679         -0.0671
   382    0.0880    1.0150     0.0369         -0.0511
   383    0.0980    0.8120     0.0479         -0.0501
   384    0.0870    1.0150     0.0369         -0.0501
   385    0.0600    0.8120     0.0169         -0.0431
   386    0.0760    1.4210     0.0329         -0.0431
   387    0.0860    1.0150     0.0379         -0.0481
   388    0.1070    0.8120     0.0589         -0.0481
   389    0.0890    0.8120     0.0499         -0.0391
   390    0.0560    0.8120     0.0379         -0.0181
   391    0.0110    0.4060     0.0029         -0.0081
   392    0.0200    0.6090     0.0089         -0.0111
   393    0.0420    0.6090     0.0139         -0.0281
   394    0.1040    0.8120     0.0529         -0.0511
   395    0.0720    0.8120     0.0459         -0.0261
   396    0.0970    0.8120     0.0459         -0.0511
   397    0.1170    1.0150     0.0709         -0.0461
   398    0.0810    1.4210     0.0469         -0.0341
   399    0.0450    0.6090     0.0229         -0.0221
   400    0.0410    0.8120     0.0149         -0.0261
   401    0.0570    1.4210     0.0299         -0.0271
   402    0.1490    1.0150     0.0689         -0.0801
   403    0.0350    0.6090     0.0299         -0.0051
   404    0.0500    0.8120     0.0059         -0.0441
   405    0.1250    0.8120     0.0529         -0.0721
   406    0.1720    1.0150     0.0999         -0.0721
   407    0.0680    1.0150     0.0389         -0.0291
   408    0.0470    1.0150     0.0129         -0.0341
   409    0.0500    0.8120     0.0319         -0.0181
   410    0.0370    0.8120     0.0189         -0.0181
   411    0.0330    0.6090     0.0089         -0.0241
   412    0.0400    0.6090     0.0059         -0.0341
   413    0.0470    0.8120     0.0129         -0.0341
   414    0.0380    1.0150     0.0109         -0.0271
   415    0.0590    0.8120     0.0349         -0.0241
   416    0.1060    1.0150     0.0289         -0.0771
   417    0.0980    0.8120     0.0579         -0.0401
   418    0.0730    1.0150     0.0329         -0.0401
   419    0.0380    1.2180     0.0009         -0.0371
   420    0.0780    1.0150     0.0479         -0.0301
   421    0.0260    1.0150     0.0079         -0.0181
   422    0.0340    0.6090     0.0069         -0.0271
   423    0.0600    1.2180     0.0329         -0.0271
   424    0.0390    1.0150     0.0029         -0.0361
   425    0.0580    0.8120     0.0379         -0.0201
   426    0.0460    0.8120     0.0189         -0.0271
   427    0.0290    0.8120     0.0019         -0.0271
   428    0.0830    0.8120     0.0439         -0.0391
   429    0.0420    1.4210     0.0029         -0.0391
   430    0.0670    1.0150     0.0349         -0.0321
   431    0.0210    1.0150     0.0009         -0.0201
   432    0.0790    1.2180     0.0519         -0.0271
   433    0.0810    1.0150     0.0359         -0.0451
   434    0.0420    0.6090     0.0289         -0.0131
   435    0.0710    0.8120     0.0159         -0.0551
   436    0.0830    1.4210     0.0389         -0.0441
   437    0.0770    1.0150     0.0289         -0.0481
   438    0.0810    1.0150     0.0329         -0.0481
   439    0.0800    0.8120     0.0319         -0.0481
   440    0.0860    1.0150     0.0429         -0.0431
   441    0.0610    0.6090     0.0179         -0.0431
   442    0.0260    0.6090     0.0059         -0.0201
   443    0.1090    1.0150     0.0449         -0.0641
   444    0.1640    1.0150     0.0999         -0.0641
   445    0.0570    1.0150     0.0319         -0.0251
   446    0.0490    0.4060     0.0249         -0.0241
   447    0.0710    0.6090     0.0309         -0.0401
   448    0.0500    0.6090     0.0099         -0.0401
   449    0.0660    1.2180     0.0389         -0.0271
   450    0.0390    1.0150     0.0109         -0.0281
   451    0.2020    0.8120     0.1209         -0.0811
   452    0.1560    1.4210     0.0749         -0.0811
   453    0.0530    0.8120     0.0199         -0.0331
   454    0.0720    0.8120     0.0359         -0.0361
   455    0.0570    0.8120     0.0229         -0.0341
   456    0.0910    1.4210     0.0569         -0.0341
   457    0.1210    0.8120     0.0639         -0.0571
   458    0.1470    1.0150     0.0629         -0.0841
   459    0.1040    1.2180     0.0599         -0.0441
   460    0.0240    0.8120     0.0079         -0.0161
   461    0.0350    0.8120     0.0159         -0.0191
   462    0.0680    0.6090     0.0359         -0.0321
   463    0.0550    0.4060     0.0229         -0.0321
   464    0.0410    0.4060     0.0089         -0.0321
   465    0.0450    1.2180     0.0129         -0.0321
   466    0.0210    1.0150     0.0029         -0.0181
   467    0.0430    1.0150     0.0249         -0.0181
   468    0.0300    0.8120     0.0079         -0.0221
   469    0.0250    0.4060     0.0029         -0.0221
   470    0.0700    0.8120     0.0409         -0.0291
   471    0.0690    1.0150     0.0399         -0.0291
   472    0.0510    0.8120     0.0129         -0.0381
   473    0.0550    0.6090     0.0349         -0.0201
   474    0.0560    0.8120     0.0209         -0.0351
   475    0.0710    1.2180     0.0429         -0.0281
   476    0.0400    0.8120     0.0209         -0.0191
   477    0.0200    0.6090     0.0019         -0.0181
   478    0.0670    0.8120     0.0329         -0.0341
   479    0.0410    0.6090     0.0069         -0.0341
   480    0.0730    0.6090     0.0489         -0.0241
   481    0.0570    0.6090     0.0329         -0.0241
   482    0.0390    1.2180     0.0239         -0.0151
   483    0.0480    1.0150     0.0249         -0.0231
   484    0.0510    1.0150     0.0349         -0.0161
   485    0.0110    0.4060     0.0039         -0.0071
   486    0.0180    0.6090     0.0129         -0.0051
   487    0.0150    1.0150     0.0059         -0.0091
   488    0.0310    0.8120     0.0149         -0.0161
   489    0.0320    1.0150     0.0249         -0.0071
   490    0.0550    1.0150     0.0139         -0.0411
   491    0.0670    1.2180     0.0349         -0.0321
   492    0.0870    1.2180     0.0369         -0.0501
   493    0.0750    1.2180     0.0369         -0.0381
   494    0.0750    0.8120     0.0509         -0.0241
   495    0.0650    0.8120     0.0409         -0.0241
   496    0.0430    0.8120     0.0269         -0.0161
   497    0.0260    1.0150     0.0169         -0.0091
   498    0.0290    0.6090     0.0179         -0.0111
   499    0.0310    0.8120     0.0109         -0.0201
   500    0.0310    0.8120     0.0109         -0.0201
   501    0.0940    0.8120     0.0659         -0.0281
   502    0.0370    1.0150     0.0139         -0.0231
   503    0.0560    0.8120     0.0319         -0.0241
   504    0.1070    1.0150     0.0759         -0.0311
   505    0.0590    1.2180     0.0369         -0.0221
   506    0.1210    0.8120     0.0669         -0.0541
   507    0.1320    0.8120     0.0879         -0.0441
   508    0.0790    0.8120     0.0369         -0.0421
   509    0.0810    1.0150     0.0389         -0.0421
   510    0.1800    1.0150     0.1239         -0.0561
   511    0.1190    1.0150     0.0749         -0.0441
   512    0.0830    0.8120     0.0549         -0.0281
   513    0.0970    1.0150     0.0469         -0.0501
   514    0.0740    0.6090     0.0429         -0.0311
   515    0.0340    0.6090     0.0029         -0.0311
   516    0.0740    0.8120     0.0449         -0.0291
   517    0.0730    1.4210     0.0439         -0.0291
   518    0.0550    0.8120     0.0289         -0.0261
   519    0.0280    0.8120     0.0149         -0.0131
   520    0.0420    1.0150     0.0309         -0.0111
   521    0.0190    1.2180     0.0129         -0.0061
   522    0.0110    0.8120     0.0049         -0.0061
   523    0.0240    1.0150     0.0209         -0.0031
   524    0.0730    1.0150     0.0409         -0.0321
   525    0.0810    1.0150     0.0489         -0.0321
   526    0.0630    1.2180     0.0379         -0.0251
   527    0.0440    1.0150     0.0329         -0.0111
   528    0.0150    0.8120     0.0079         -0.0071
   529    0.0630    1.2180     0.0369         -0.0261
   530    0.0870    1.0150     0.0369         -0.0501
   531    0.1340    1.0150     0.0689         -0.0651
   532    0.0850    0.6090     0.0649         -0.0201
   533    0.0490    1.0150     0.0249         -0.0241
   534    0.0780    0.8120     0.0529         -0.0251
   535    0.0540    0.6090     0.0439         -0.0101
   536    0.0580    0.6090     0.0269         -0.0311
   537    0.0960    1.0150     0.0549         -0.0411
   538    0.0860    1.2180     0.0599         -0.0261
   539    0.0640    0.8120     0.0409         -0.0231
   540    0.0220    0.8120     0.0059         -0.0161
   541    0.0810    1.2180     0.0429         -0.0381
   542    0.1180    1.0150     0.0599         -0.0581
   543    0.1030    0.6090     0.0769         -0.0261
   544    0.0620    0.6090     0.0289         -0.0331
   545    0.0600    0.6090     0.0269         -0.0331
   546    0.0710    0.8120     0.0289         -0.0421
   547    0.0830    0.8120     0.0499         -0.0331
   548    0.1020    0.8120     0.0459         -0.0561
   549    0.1130    1.2180     0.0569         -0.0561
   550    0.0560    1.2180     0.0349         -0.0211
   551    0.0710    1.0150     0.0449         -0.0261
   552    0.0410    0.4060     0.0169         -0.0241
   553    0.0410    1.0150     0.0229         -0.0181
   554    0.0790    1.2180     0.0349         -0.0441
   555    0.0970    1.0150     0.0559         -0.0411
   556    0.0570    1.0150     0.0369         -0.0201
   557    0.0450    1.0150     0.0249         -0.0201
   558    0.0170    0.6090     0.0099         -0.0071
   559    0.0510    0.8120     0.0269         -0.0241
   560    0.0550    0.6090     0.0309         -0.0241
   561    0.1860    1.0150     0.1139         -0.0721
   562    0.1010    0.8120     0.0689         -0.0321
   563    0.0690    1.0150     0.0369         -0.0321
   564    0.0610    0.6090     0.0369         -0.0241
   565    0.0250    0.4060     0.0089         -0.0161
   566    0.0530    0.8120     0.0169         -0.0361
   567    0.0870    1.0150     0.0509         -0.0361
   568    0.0480    1.0150     0.0369         -0.0111
   569    0.0610    1.0150     0.0249         -0.0361
   570    0.0690    0.6090     0.0329         -0.0361
   571    0.0560    1.4210     0.0279         -0.0281
   572    0.1310    1.0150     0.0669         -0.0641
   573    0.1350    1.0150     0.0859         -0.0491
   574    0.0880    1.2180     0.0449         -0.0431
   575    0.1680    0.8120     0.1139         -0.0541
   576    0.0690    0.6090     0.0149         -0.0541
   577    0.0340    1.0150     0.0159         -0.0181
   578    0.0430    0.4060     0.0249         -0.0181
   579    0.0890    0.6090     0.0709         -0.0181
   580    0.0990    0.8120     0.0489         -0.0501
   581    0.1230    0.8120     0.0839         -0.0391
   582    0.0910    1.0150     0.0519         -0.0391
   583    0.0340    0.4060     0.0199         -0.0141
   584    0.0490    0.6090     0.0389         -0.0101
   585    0.0500    0.4060     0.0039         -0.0461
   586    0.1000    0.8120     0.0539         -0.0461
   587    0.0440    1.4210     0.0289         -0.0151
   588    0.0910    0.8120     0.0499         -0.0411
   589    0.0660    1.2180     0.0449         -0.0211
   590    0.0480    0.8120     0.0449         -0.0031
   591    0.0390    1.4210     0.0229         -0.0161
   592    0.0490    0.8120     0.0329         -0.0161
   593    0.0600    1.0150     0.0349         -0.0251
   594    0.0770    1.0150     0.0439         -0.0331
   595    0.0840    0.8120     0.0579         -0.0261
   596    0.1090    0.8120     0.0509         -0.0581
   597    0.1170    1.2180     0.0709         -0.0461
   598    0.0710    1.0150     0.0369         -0.0341
   599    0.1030    1.2180     0.0489         -0.0541
   600    0.0590    1.0150     0.0429         -0.0161
   601    0.0460    0.8120     0.0299         -0.0161
   602    0.1020    1.6240     0.0469         -0.0551
   603    0.0830    0.8120     0.0489         -0.0341
   604    0.0880    1.0150     0.0349         -0.0531
   605    0.0600    1.2180     0.0319         -0.0281
   606    0.0850    1.2180     0.0529         -0.0321
   607    0.0820    0.8120     0.0449         -0.0371
   608    0.0880    1.0150     0.0509         -0.0371
   609    0.0820    1.6240     0.0369         -0.0451
   610    0.0930    1.0150     0.0479         -0.0451
   611    0.0600    0.6090     0.0219         -0.0381
   612    0.0360    0.6090     0.0199         -0.0161
   613    0.0440    1.0150     0.0149         -0.0291
   614    0.0690    1.0150     0.0399         -0.0291
   615    0.0440    1.2180     0.0269         -0.0171
   616    0.0460    0.8120     0.0289         -0.0171
   617    0.0600    0.6090     0.0189         -0.0411
   618    0.1050    0.8120     0.0709         -0.0341
   619    0.0840    1.2180     0.0359         -0.0481
   620    0.1510    0.8120     0.1039         -0.0471
   621    0.0960    1.4210     0.0489         -0.0471
   622    0.0770    1.2180     0.0499         -0.0271
   623    0.1070    1.0150     0.0629         -0.0441
   624    0.0880    1.6240     0.0599         -0.0281
   625    0.1520    1.0150     0.0959         -0.0561
   626    0.0830    1.2180     0.0449         -0.0381
   627    0.1100    1.0150     0.0809         -0.0291
   628    0.0440    0.6090     0.0309         -0.0131
   629    0.0420    0.8120     0.0069         -0.0351
   630    0.0940    1.0150     0.0469         -0.0471
   631    0.1060    1.0150     0.0589         -0.0471
   632    0.0570    1.6240     0.0389         -0.0181
   633    0.0640    1.2180     0.0349         -0.0291
   634    0.1160    1.0150     0.0769         -0.0391
   635    0.0470    0.4060     0.0389         -0.0081
   636    0.0600    1.0150     0.0259         -0.0341
   637    0.1050    1.0150     0.0669         -0.0381
   638    0.0480    1.0150     0.0199         -0.0281
   639    0.0560    0.8120     0.0279         -0.0281
   640    0.1070    1.2180     0.0499         -0.0571
   641    0.1280    1.0150     0.0709         -0.0571
   642    0.0730    1.2180     0.0439         -0.0291
   643    0.0810    1.0150     0.0489         -0.0321
   644    0.1630    1.0150     0.0909         -0.0721
   645    0.1450    1.0150     0.0969         -0.0481
   646    0.0740    0.8120     0.0499         -0.0241
   647    0.0490    0.6090     0.0249         -0.0241
   648    0.0360    0.8120     0.0249         -0.0111
   649    0.0180    0.6090     0.0109         -0.0071
   650    0.0360    1.2180     0.0229         -0.0131
   651    0.0200    0.4060     0.0029         -0.0171
   652    0.0680    1.2180     0.0389         -0.0291
   653    0.0470    1.2180     0.0249         -0.0221
   654    0.0910    0.8120     0.0589         -0.0321
   655    0.0730    0.8120     0.0409         -0.0321
   656    0.0270    0.4060     0.0049         -0.0221
   657    0.0680    1.2180     0.0279         -0.0401
   658    0.0650    0.8120     0.0459         -0.0191
   659    0.0560    1.8270     0.0279         -0.0281
   660    0.0490    1.4210     0.0209         -0.0281
   661    0.0970    1.0150     0.0709         -0.0261
   662    0.0890    1.0150     0.0449         -0.0441
   663    0.0990    0.8120     0.0549         -0.0441
   664    0.0570    1.0150     0.0359         -0.0211
   665    0.0540    0.6090     0.0329         -0.0211
   666    0.0580    0.8120     0.0249         -0.0331
   667    0.1000    1.0150     0.0589         -0.0411
   668    0.0930    1.0150     0.0569         -0.0361
   669    0.0440    0.8120     0.0309         -0.0131
   670    0.0230    0.8120     0.0139         -0.0091
   671    0.0530    1.0150     0.0319         -0.0211
   672    0.0690    0.8120     0.0389         -0.0301
   673    0.0410    0.6090     0.0109         -0.0301
   674    0.0380    0.4060     0.0179         -0.0201
   675    0.0740    0.8120     0.0459         -0.0281
   676    0.0430    0.6090     0.0149         -0.0281
   677    0.0510    1.4210     0.0199         -0.0311
   678    0.1550    1.2180     0.1029         -0.0521
   679    0.0950    1.2180     0.0669         -0.0281
   680    0.0830    1.0150     0.0449         -0.0381
   681    0.1220    1.2180     0.0519         -0.0701
   682    0.1030    1.0150     0.0759         -0.0271
   683    0.1010    1.4210     0.0639         -0.0371
   684    0.1090    1.2180     0.0469         -0.0621
   685    0.0930    1.2180     0.0529         -0.0401
   686    0.1340    1.0150     0.0799         -0.0541
   687    0.1230    1.0150     0.0649         -0.0581
   688    0.1040    1.0150     0.0459         -0.0581
   689    0.0860    1.4210     0.0429         -0.0431
   690    0.0650    1.2180     0.0289         -0.0361
   691    0.1000    1.0150     0.0529         -0.0471
   692    0.1140    1.2180     0.0589         -0.0551
   693    0.1080    1.0150     0.0739         -0.0341
   694    0.0730    1.8270     0.0339         -0.0391
   695    0.1050    1.0150     0.0739         -0.0311
   696    0.0920    1.0150     0.0579         -0.0341
   697    0.0570    0.8120     0.0319         -0.0251
   698    0.0670    1.4210     0.0329         -0.0341
   699    0.0700    1.0150     0.0389         -0.0311
   700    0.0280    1.0150     0.0189         -0.0091
   701    0.0860    0.8120     0.0329         -0.0531
   702    0.0660    1.2180     0.0279         -0.0381
   703    0.0600    1.4210     0.0309         -0.0291
   704    0.1490    1.0150     0.0909         -0.0581
   705    0.0970    1.0150     0.0559         -0.0411
   706    0.1500    1.0150     0.0899         -0.0601
   707    0.0680    1.2180     0.0319         -0.0361
   708    0.0550    1.0150     0.0319         -0.0231
   709    0.0550    1.2180     0.0229         -0.0321
   710    0.0940    1.0150     0.0559         -0.0381
   711    0.0520    1.2180     0.0269         -0.0251
   712    0.0820    1.2180     0.0389         -0.0431
   713    0.0240    0.6090     0.0169         -0.0071
   714    0.0790    0.8120     0.0369         -0.0421
   715    0.1220    1.0150     0.0609         -0.0611
   716    0.1000    0.8120     0.0569         -0.0431
   717    0.1130    1.2180     0.0699         -0.0431
   718    0.0780    1.0150     0.0459         -0.0321
   719    0.0760    1.2180     0.0449         -0.0311
   720    0.0960    1.0150     0.0499         -0.0461
   721    0.0730    0.6090     0.0399         -0.0331
   722    0.0570    1.0150     0.0349         -0.0221
   723    0.0660    1.2180     0.0429         -0.0231
   724    0.0670    1.0150     0.0269         -0.0401
   725    0.0410    0.4060     0.0319         -0.0091
   726    0.0730    1.4210     0.0349         -0.0381
   727    0.1460    1.0150     0.0639         -0.0821
   728    0.1300    1.2180     0.0759         -0.0541
   729    0.0790    1.4210     0.0569         -0.0221
   730    0.0590    1.0150     0.0329         -0.0261
   731    0.0730    1.4210     0.0529         -0.0201
   732    0.0360    1.2180     0.0069         -0.0291
   733    0.0930    1.2180     0.0409         -0.0521
   734    0.1150    1.0150     0.0689         -0.0461
   735    0.1400    1.0150     0.0779         -0.0621
   736    0.0930    1.6240     0.0429         -0.0501
   737    0.0710    1.0150     0.0409         -0.0301
   738    0.1220    1.2180     0.0739         -0.0481
   739    0.0910    0.8120     0.0399         -0.0511
   740    0.0800    1.4210     0.0289         -0.0511
   741    0.0580    1.2180     0.0319         -0.0261
   742    0.0390    0.8120     0.0109         -0.0281
   743    0.0650    1.0150     0.0249         -0.0401
   744    0.0850    1.2180     0.0449         -0.0401
   745    0.0960    1.2180     0.0449         -0.0511
   746    0.1130    1.0150     0.0489         -0.0641
   747    0.1420    1.2180     0.0779         -0.0641
   748    0.1120    1.2180     0.0569         -0.0551
   749    0.0920    1.2180     0.0349         -0.0571
   750    0.1470    0.8120     0.0889         -0.0581
   751    0.1070    1.2180     0.0489         -0.0581
   752    0.0670    1.0150     0.0309         -0.0361
   753    0.0690    1.0150     0.0329         -0.0361
   754    0.0300    0.8120     0.0109         -0.0191
   755    0.0460    1.0150     0.0229         -0.0231
   756    0.0600    1.0150     0.0319         -0.0281
   757    0.0200    0.4060     0.0079         -0.0121
   758    0.0340    0.4060     0.0009         -0.0331
   759    0.0710    1.2180     0.0329         -0.0381
   760    0.0850    1.4210     0.0319         -0.0531
   761    0.0790    1.2180     0.0449         -0.0341
   762    0.1080    1.2180     0.0719         -0.0361
   763    0.0710    1.2180     0.0319         -0.0391
   764    0.1220    1.0150     0.0519         -0.0701
   765    0.1620    1.2180     0.0879         -0.0741
   766    0.2010    1.0150     0.1059         -0.0951
   767    0.1480    1.4210     0.0699         -0.0781
   768    0.1220    1.2180     0.0849         -0.0371
   769    0.0660    1.2180     0.0299         -0.0361
   770    0.0390    0.8120     0.0279         -0.0111
   771    0.0340    0.8120     0.0149         -0.0191
   772    0.0200    0.4060     0.0009         -0.0191
   773    0.0160    0.6090     0.0089         -0.0071
   774    0.0390    0.6090     0.0169         -0.0221
   775    0.0360    1.4210     0.0179         -0.0181
   776    0.0910    1.0150     0.0369         -0.0541
   777    0.0900    1.2180     0.0549         -0.0351
   778    0.0800    0.8120     0.0309         -0.0491
   779    0.1020    1.2180     0.0529         -0.0491
   780    0.1220    1.0150     0.0429         -0.0791
   781    0.1060    1.4210     0.0519         -0.0541
   782    0.1060    1.0150     0.0639         -0.0421
   783    0.0750    1.0150     0.0389         -0.0361
   784    0.0630    1.2180     0.0369         -0.0261
   785    0.0730    1.2180     0.0309         -0.0421
   786    0.0380    0.6090     0.0329         -0.0051
   787    0.0740    0.6090     0.0189         -0.0551
   788    0.0930    1.2180     0.0429         -0.0501
   789    0.0680    1.6240     0.0329         -0.0351
   790    0.0910    0.8120     0.0369         -0.0541
   791    0.1040    1.2180     0.0559         -0.0481
   792    0.0800    0.6090     0.0569         -0.0231
   793    0.0180    0.8120     0.0019         -0.0161
   794    0.0680    0.6090     0.0299         -0.0381
   795    0.0710    1.4210     0.0169         -0.0541
   796    0.1290    1.0150     0.0649         -0.0641
   797    0.0470    1.0150     0.0169         -0.0301
   798    0.1020    0.8120     0.0399         -0.0621
   799    0.0900    0.8120     0.0559         -0.0341
   800    0.0630    1.2180     0.0289         -0.0341
   801    0.1130    0.6090     0.0669         -0.0461
   802    0.1090    1.0150     0.0629         -0.0461
   803    0.0890    1.2180     0.0449         -0.0441
   804    0.0700    0.8120     0.0339         -0.0361
   805    0.0550    0.8120     0.0249         -0.0301
   806    0.0800    1.0150     0.0389         -0.0411
   807    0.0590    1.0150     0.0179         -0.0411
   808    0.0250    0.6090     0.0029         -0.0221
   809    0.0310    0.4060     0.0089         -0.0221
   810    0.0350    1.2180     0.0169         -0.0181
   811    0.0450    0.8120     0.0109         -0.0341
   812    0.0930    1.2180     0.0499         -0.0431
   813    0.1090    1.4210     0.0569         -0.0521
   814    0.0770    1.0150     0.0269         -0.0501
   815    0.0910    0.6090     0.0429         -0.0481
   816    0.0840    0.8120     0.0079         -0.0761
   817    0.1620    1.2180     0.0819         -0.0801
   818    0.1130    1.4210     0.0409         -0.0721
   819    0.0930    1.0150     0.0459         -0.0471
   820    0.0420    0.6090     0.0009         -0.0411
   821    0.0980    1.0150     0.0369         -0.0611
   822    0.1080    0.8120     0.0479         -0.0601
   823    0.0690    1.2180     0.0269         -0.0421
   824    0.0760    1.0150     0.0379         -0.0381
   825    0.0500    0.6090     0.0119         -0.0381
   826    0.0310    0.6090     0.0099         -0.0211
   827    0.0450    1.2180     0.0169         -0.0281
   828    0.0980    1.0150     0.0349         -0.0631
   829    0.1180    1.0150     0.0599         -0.0581
   830    0.0840    0.8120     0.0379         -0.0461
   831    0.0450    1.2180     0.0159         -0.0291
   832    0.0430    0.6090     0.0169         -0.0261
   833    0.0350    1.0150     0.0079         -0.0271
   834    0.0570    1.4210     0.0269         -0.0301
   835    0.1720    1.0150     0.1009         -0.0711
   836    0.1240    1.2180     0.0529         -0.0711
   837    0.0680    1.4210     0.0129         -0.0551
   838    0.0780    0.8120     0.0279         -0.0501
   839    0.0790    0.6090     0.0209         -0.0581
   840    0.1400    1.2180     0.0799         -0.0601
   841    0.0900    0.8120     0.0439         -0.0461
   842    0.0710    1.0150     0.0339         -0.0371
   843    0.1140    1.2180     0.0399         -0.0741
   844    0.1780    1.0150     0.0879         -0.0901
   845    0.1310    1.2180     0.0749         -0.0561
   846    0.0510    1.0150     0.0119         -0.0391
   847    0.0680    1.2180     0.0259         -0.0421
   848    0.0710    1.2180     0.0189         -0.0521
   849    0.1120    1.2180     0.0489         -0.0631
   850    0.1070    1.0150     0.0589         -0.0481
   851    0.1050    1.0150     0.0449         -0.0601
   852    0.0970    1.2180     0.0369         -0.0601
   853    0.0960    0.8120     0.0439         -0.0521
   854    0.1250    1.0150     0.0729         -0.0521
   855    0.0690    1.2180     0.0359         -0.0331
   856    0.0320    0.4060     0.0169         -0.0151
   857    0.0680    1.0150     0.0259         -0.0421
   858    0.0770    0.8120     0.0349         -0.0421
   859    0.0720    0.6090     0.0239         -0.0481
   860    0.0890    0.8120     0.0409         -0.0481
   861    0.0650    0.8120     0.0169         -0.0481
   862    0.0830    1.0150     0.0329         -0.0501
   863    0.1370    1.2180     0.0749         -0.0621
   864    0.0820    1.0150     0.0409         -0.0411
   865    0.0380    0.6090     0.0189         -0.0191
   866    0.0390    1.6240     0.0109         -0.0281
   867    0.0390    0.8120     0.0119         -0.0271
   868    0.0940    1.0150     0.0379         -0.0561
   869    0.0730    1.0150     0.0329         -0.0401
   870    0.0730    1.4210     0.0449         -0.0281
   871    0.0560    0.8120     0.0239         -0.0321
   872    0.0850    1.2180     0.0369         -0.0481
   873    0.0990    1.0150     0.0509         -0.0481
   874    0.1430    1.0150     0.0669         -0.0761
   875    0.0760    1.4210     0.0279         -0.0481
   876    0.0850    1.2180     0.0249         -0.0601
   877    0.0930    1.0150     0.0329         -0.0601
   878    0.0490    1.0150     0.0109         -0.0381
   879    0.0390    0.6090     0.0009         -0.0381
   880    0.0610    0.8120     0.0299         -0.0311
   881    0.0250    0.4060     0.0049         -0.0201
   882    0.0760    1.0150     0.0329         -0.0431
   883    0.0480    1.4210     0.0229         -0.0251
   884    0.1030    1.0150     0.0459         -0.0571
   885    0.1680    1.0150     0.0739         -0.0941
   886    0.1190    1.0150     0.0619         -0.0571
   887    0.0470    1.6240     0.0079         -0.0391
   888    0.0650    1.2180     0.0309         -0.0341
   889    0.0320    0.6090     0.0059         -0.0261
   890    0.0830    1.0150     0.0399         -0.0431
   891    0.1390    1.0150     0.0729         -0.0661
   892    0.0550    1.6240     0.0229         -0.0321
   893    0.0550    0.4060     0.0339         -0.0211
   894    0.0350    0.6090     0.0029         -0.0321
   895    0.0410    1.2180     0.0049         -0.0361
   896    0.0700    1.2180     0.0269         -0.0431
   897    0.0550    0.4060     0.0119         -0.0431
   898    0.0740    1.0150     0.0309         -0.0431
   899    0.0400    0.4060     0.0289         -0.0111
   900    0.0170    0.6090     0.0029         -0.0141
   901    0.0480    1.0150     0.0159         -0.0321
   902    0.0570    0.4060     0.0249         -0.0321
   903    0.0590    0.8120     0.0209         -0.0381
   904    0.0700    1.0150     0.0269         -0.0431
   905    0.0950    1.2180     0.0319         -0.0631
   906    0.0880    1.0150     0.0469         -0.0411
   907    0.0740    0.8120     0.0469         -0.0271
   908    0.1020    1.0150     0.0439         -0.0581
   909    0.1070    1.4210     0.0509         -0.0561
   910    0.0850    1.4210     0.0309         -0.0541
   911    0.0530    0.4060     0.0289         -0.0241
   912    0.0310    1.2180     0.0009         -0.0301
   913    0.0810    1.2180     0.0289         -0.0521
   914    0.0950    0.6090     0.0589         -0.0361
   915    0.0550    0.8120     0.0189         -0.0361
   916    0.0870    1.0150     0.0399         -0.0471
   917    0.0880    1.4210     0.0469         -0.0411
   918    0.0850    1.2180     0.0449         -0.0401
   919    0.0690    1.0150     0.0329         -0.0361
   920    0.0140    0.6090     0.0049         -0.0091
   921    0.1050    0.6090     0.0539         -0.0511
   922    0.0350    0.6090     0.0239         -0.0111
   923    0.0450    1.2180     0.0049         -0.0401
   924    0.1110    1.2180     0.0549         -0.0561
   925    0.1300    1.0150     0.0619         -0.0681
   926    0.1520    1.0150     0.0769         -0.0751
   927    0.1390    1.2180     0.0719         -0.0671
   928    0.0770    1.2180     0.0309         -0.0461
   929    0.0880    0.8120     0.0439         -0.0441
   930    0.0720    0.8120     0.0279         -0.0441
   931    0.1090    1.0150     0.0449         -0.0641
   932    0.1170    1.2180     0.0529         -0.0641
   933    0.1130    1.2180     0.0529         -0.0601
   934    0.1090    1.0150     0.0569         -0.0521
   935    0.0740    1.4210     0.0389         -0.0351
   936    0.0510    1.0150     0.0209         -0.0301
   937    0.0450    0.8120     0.0129         -0.0321
   938    0.0400    0.8120     0.0119         -0.0281
   939    0.0150    0.4060     0.0039         -0.0111
   940    0.0480    1.2180     0.0159         -0.0321
   941    0.0480    0.6090     0.0199         -0.0281
   942    0.0500    0.6090     0.0099         -0.0401
   943    0.0890    1.2180     0.0489         -0.0401
   944    0.1740    1.0150     0.0869         -0.0871
   945    0.1600    1.2180     0.0729         -0.0871
   946    0.0630    1.2180     0.0219         -0.0411
   947    0.0160    0.4060     0.0009         -0.0151
   948    0.0540    1.2180     0.0289         -0.0251
   949    0.0390    0.6090     0.0189         -0.0201
   950    0.0480    0.8120     0.0179         -0.0301
   951    0.1030    1.0150     0.0309         -0.0721
   952    0.1270    1.0150     0.0549         -0.0721
   953    0.0290    1.2180     0.0199         -0.0091
   954    0.0220    1.0150     0.0009         -0.0211
   955    0.0210    1.0150     0.0079         -0.0131
   956    0.1120    1.0150     0.0519         -0.0601
   957    0.0710    0.4060     0.0109         -0.0601
   958    0.0590    1.4210     0.0289         -0.0301
   959    0.0730    0.8120     0.0249         -0.0481
   960    0.0910    0.8120     0.0429         -0.0481
   961    0.0940    1.4210     0.0489         -0.0451
   962    0.1210    1.0150     0.0589         -0.0621
   963    0.0980    1.4210     0.0469         -0.0511
   964    0.0120    0.8120     0.0009         -0.0111
   965    0.0160    1.0150     0.0049         -0.0111
   966    0.0160    0.4060     0.0049         -0.0111
   967    0.0560    1.0150     0.0139         -0.0421
   968    0.0790    0.6090     0.0369         -0.0421
   969    0.0500    1.6240     0.0239         -0.0261
   970    0.0870    0.8120     0.0449         -0.0421
   971    0.0790    0.8120     0.0429         -0.0361
   972    0.0420    1.4210     0.0199         -0.0221
   973    0.0950    0.8120     0.0489         -0.0461
   974    0.0510    0.6090     0.0289         -0.0221
   975    0.0410    0.8120     0.0179         -0.0231
   976    0.0250    0.4060     0.0019         -0.0231
   977    0.0380    0.8120     0.0099         -0.0281
   978    0.0410    0.8120     0.0189         -0.0221
   979    0.0670    1.0150     0.0199         -0.0471
   980    0.0810    1.0150     0.0309         -0.0501
   981    0.0820    1.2180     0.0349         -0.0471
   982    0.1020    1.2180     0.0449         -0.0571
   983    0.0570    1.2180     0.0229         -0.0341
   984    0.0750    1.4210     0.0359         -0.0391
   985    0.0710    1.2180     0.0319         -0.0391
   986    0.0410    1.0150     0.0189         -0.0221
   987    0.0460    0.8120     0.0249         -0.0211
   988    0.0360    1.4210     0.0099         -0.0261
   989    0.0660    1.2180     0.0469         -0.0191
   990    0.0680    1.4210     0.0429         -0.0251
   991    0.0930    1.0150     0.0469         -0.0461
   992    0.0910    1.0150     0.0449         -0.0461
   993    0.0390    0.6090     0.0129         -0.0261
   994    0.0760    0.8120     0.0439         -0.0321
   995    0.0810    1.0150     0.0489         -0.0321
   996    0.0220    0.6090     0.0049         -0.0171
   997    0.0840    1.2180     0.0349         -0.0491
   998    0.1260    1.0150     0.0779         -0.0481
   999    0.0940    1.2180     0.0469         -0.0471
  1000    0.1110    1.4210     0.0639         -0.0471
  1001    0.0700    0.8120     0.0359         -0.0341
  1002    0.0550    0.8120     0.0209         -0.0341
  1003    0.1050    0.8120     0.0409         -0.0641
  1004    0.1090    1.4210     0.0449         -0.0641
  1005    0.1310    1.0150     0.0649         -0.0661
  1006    0.0850    0.8120     0.0339         -0.0511
  1007    0.0510    0.8120     0.0209         -0.0301
  1008    0.0730    1.6240     0.0359         -0.0371
  1009    0.1520    0.8120     0.0779         -0.0741
  1010    0.1230    0.8120     0.0489         -0.0741
  1011    0.0530    0.6090     0.0049         -0.0481
  1012    0.1250    1.2180     0.0619         -0.0631
  1013    0.0910    1.0150     0.0459         -0.0451
  1014    0.0700    1.0150     0.0249         -0.0451
  1015    0.0410    1.0150     0.0209         -0.0201
  1016    0.0470    1.0150     0.0209         -0.0261
  1017    0.1130    0.8120     0.0789         -0.0341
  1018    0.1250    1.2180     0.0689         -0.0561
  1019    0.0680    1.0150     0.0439         -0.0241
  1020    0.0450    0.6090     0.0359         -0.0091
  1021    0.0340    0.8120     0.0209         -0.0131
  1022    0.0500    0.8120     0.0099         -0.0401
  1023    0.1300    1.0150     0.0859         -0.0441
  1024    0.0880    1.2180     0.0409         -0.0471
  1025    0.0730    1.2180     0.0529         -0.0201
  1026    0.0710    1.0150     0.0349         -0.0361
  1027    0.0770    1.0150     0.0409         -0.0361
  1028    0.0650    0.8120     0.0259         -0.0391
  1029    0.0990    1.0150     0.0589         -0.0401
  1030    0.0760    1.0150     0.0319         -0.0441
  1031    0.1010    1.2180     0.0569         -0.0441
  1032    0.1110    0.8120     0.0569         -0.0541
  1033    0.1290    1.2180     0.0749         -0.0541
  1034    0.1640    1.0150     0.0919         -0.0721
  1035    0.1000    1.2180     0.0589         -0.0411
  1036    0.0910    1.2180     0.0379         -0.0531
  1037    0.0710    1.0150     0.0449         -0.0261
  1038    0.0680    1.0150     0.0179         -0.0501
  1039    0.0870    0.8120     0.0479         -0.0391
  1040    0.0530    0.6090     0.0399         -0.0131
  1041    0.0540    0.8120     0.0309         -0.0231
  1042    0.0610    0.8120     0.0409         -0.0201
  1043    0.0380    0.6090     0.0119         -0.0261
  1044    0.0690    0.8120     0.0469         -0.0221
  1045    0.0440    0.4060     0.0219         -0.0221
  1046    0.0490    1.0150     0.0239         -0.0251
  1047    0.0470    1.4210     0.0239         -0.0231
  1048    0.1610    0.8120     0.0969         -0.0641
  1049    0.1720    1.0150     0.0979         -0.0741
  1050    0.1150    1.2180     0.0629         -0.0521
  1051    0.0640    1.2180     0.0449         -0.0191
  1052    0.0290    0.8120     0.0059         -0.0231
  1053    0.0500    1.0150     0.0279         -0.0221
  1054    0.0470    1.0150     0.0249         -0.0221
  1055    0.0400    0.8120     0.0199         -0.0201
  1056    0.0540    1.0150     0.0319         -0.0221
  1057    0.0690    1.0150     0.0409         -0.0281
  1058    0.0440    1.8270     0.0199         -0.0241
  1059    0.0580    1.0150     0.0349         -0.0231
  1060    0.0640    1.0150     0.0429         -0.0211
  1061    0.0610    0.8120     0.0169         -0.0441
  1062    0.0740    1.4210     0.0509         -0.0231
  1063    0.1010    1.0150     0.0569         -0.0441
  1064    0.1280    1.0150     0.0829         -0.0451
  1065    0.1000    1.2180     0.0549         -0.0451
  1066    0.0810    0.8120     0.0449         -0.0361
  1067    0.0420    0.6090     0.0269         -0.0151
  1068    0.0870    1.0150     0.0389         -0.0481
  1069    0.1400    0.6090     0.0879         -0.0521
  1070    0.0780    1.2180     0.0259         -0.0521
  1071    0.0540    0.8120     0.0249         -0.0291
  1072    0.0190    0.6090     0.0059         -0.0131
  1073    0.0780    1.2180     0.0509         -0.0271
  1074    0.0450    1.0150     0.0249         -0.0201
  1075    0.0510    1.6240     0.0209         -0.0301
  1076    0.0670    1.2180     0.0319         -0.0351
  1077    0.0490    1.4210     0.0289         -0.0201
  1078    0.0730    1.0150     0.0349         -0.0381
  1079    0.0480    0.6090     0.0349         -0.0131
  1080    0.0570    0.8120     0.0329         -0.0241
  1081    0.0570    0.8120     0.0329         -0.0241
  1082    0.0700    1.4210     0.0249         -0.0451
  1083    0.0860    1.0150     0.0409         -0.0451
  1084    0.0910    1.0150     0.0549         -0.0361
  1085    0.1510    1.0150     0.1109         -0.0401
  1086    0.1130    1.2180     0.0649         -0.0481
  1087    0.1030    1.2180     0.0609         -0.0421
  1088    0.0950    1.2180     0.0569         -0.0381
  1089    0.0910    0.8120     0.0599         -0.0311
  1090    0.0830    1.0150     0.0479         -0.0351
  1091    0.0840    1.6240     0.0489         -0.0351
  1092    0.0670    0.8120     0.0409         -0.0261
  1093    0.0510    0.8120     0.0249         -0.0261
  1094    0.0650    1.4210     0.0369         -0.0281
  1095    0.0740    1.0150     0.0529         -0.0211
  1096    0.0850    1.0150     0.0489         -0.0361
  1097    0.0830    1.4210     0.0489         -0.0341
  1098    0.0700    1.8270     0.0279         -0.0421
  1099    0.0990    1.4210     0.0569         -0.0421
  1100    0.1230    1.0150     0.0959         -0.0271
  1101    0.1250    1.4210     0.0629         -0.0621
  1102    0.1390    1.0150     0.0869         -0.0521
  1103    0.0900    1.0150     0.0579         -0.0321
  1104    0.1140    1.2180     0.0739         -0.0401
  1105    0.1180    0.8120     0.0799         -0.0381
  1106    0.1150    1.2180     0.0589         -0.0561
  1107    0.1220    1.2180     0.0819         -0.0401
  1108    0.0980    1.0150     0.0689         -0.0291
  1109    0.0520    1.2180     0.0369         -0.0151
  1110    0.1030    1.0150     0.0579         -0.0451
  1111    0.1230    1.0150     0.0829         -0.0401
  1112    0.0620    0.8120     0.0339         -0.0281
  1113    0.0810    1.4210     0.0589         -0.0221
  1114    0.0450    0.8120     0.0329         -0.0121
  1115    0.0420    0.6090     0.0279         -0.0141
  1116    0.0440    1.2180     0.0279         -0.0161
  1117    0.0610    1.2180     0.0369         -0.0241
  1118    0.0840    0.8120     0.0599         -0.0241
  1119    0.0500    0.8120     0.0349         -0.0151
  1120    0.0730    1.0150     0.0449         -0.0281
  1121    0.0430    0.4060     0.0149         -0.0281
  1122    0.0630    1.2180     0.0309         -0.0321
  1123    0.0900    0.8120     0.0659         -0.0241
  1124    0.0950    1.6240     0.0509         -0.0441
  1125    0.1230    1.0150     0.0839         -0.0391
  1126    0.0980    1.0150     0.0589         -0.0391
  1127    0.0620    1.0150     0.0399         -0.0221
  1128    0.0420    0.6090     0.0339         -0.0081
  1129    0.0500    1.0150     0.0289         -0.0211
  1130    0.0520    1.2180     0.0309         -0.0211
  1131    0.1230    0.8120     0.0739         -0.0491
  1132    0.0520    1.2180     0.0429         -0.0091
  1133    0.0540    1.0150     0.0449         -0.0091
  1134    0.0590    1.4210     0.0489         -0.0101
  1135    0.0730    1.2180     0.0529         -0.0201
  1136    0.1130    1.0150     0.0759         -0.0371
  1137    0.0660    1.6240     0.0289         -0.0371
  1138    0.1150    1.0150     0.0669         -0.0481
  1139    0.1010    0.8120     0.0799         -0.0211
  1140    0.0510    1.8270     0.0299         -0.0211
  1141    0.0450    0.8120     0.0349         -0.0101
  1142    0.1060    0.8120     0.0599         -0.0461
  1143    0.0790    1.0150     0.0489         -0.0301
  1144    0.0440    0.6090     0.0369         -0.0071
  1145    0.0390    0.6090     0.0349         -0.0041
  1146    0.0220    0.6090     0.0149         -0.0071
  1147    0.0480    0.8120     0.0289         -0.0191
  1148    0.0700    0.8120     0.0509         -0.0191
  1149    0.0340    0.8120     0.0299         -0.0041
  1150    0.0490    1.2180     0.0289         -0.0201
  1151    0.1400    1.2180     0.0979         -0.0421
  1152    0.1240    1.2180     0.0839         -0.0401
  1153    0.0980    1.2180     0.0599         -0.0381
  1154    0.1230    0.8120     0.0849         -0.0381
  1155    0.0640    1.0150     0.0339         -0.0301
  1156    0.0480    0.8120     0.0369         -0.0111
  1157    0.0470    0.8120     0.0359         -0.0111
  1158    0.0850    1.2180     0.0389         -0.0461
  1159    0.1200    1.0150     0.0739         -0.0461
  1160    0.1050    1.4210     0.0589         -0.0461
  1161    0.0530    1.0150     0.0389         -0.0141
  1162    0.0690    1.2180     0.0389         -0.0301
  1163    0.0790    0.6090     0.0489         -0.0301
  1164    0.0440    1.4210     0.0389         -0.0051
  1165    0.0860    1.0150     0.0589         -0.0271
  1166    0.1030    1.2180     0.0509         -0.0521
  1167    0.1580    1.0150     0.1359         -0.0221
  1168    0.0440    1.2180     0.0389         -0.0051
  1169    0.0340    0.6090     0.0249         -0.0091
  1170    0.1010    1.0150     0.0789         -0.0221
  1171    0.0720    0.8120     0.0589         -0.0131
  1172    0.0560    1.0150     0.0429         -0.0131
  1173    0.1210    1.2180     0.0769         -0.0441
  1174    0.0810    1.2180     0.0489         -0.0321
  1175    0.1040    1.2180     0.0609         -0.0431
  1176    0.1190    1.0150     0.0759         -0.0431
  1177    0.1490    1.2180     0.1099         -0.0391
  1178    0.1320    1.0150     0.0839         -0.0481
  1179    0.1350    1.0150     0.0869         -0.0481
  1180    0.0700    0.8120     0.0519         -0.0181
  1181    0.0690    1.4210     0.0509         -0.0181
  1182    0.0820    1.2180     0.0459         -0.0361
  1183    0.0840    1.0150     0.0479         -0.0361
  1184    0.0800    1.2180     0.0469         -0.0331
  1185    0.0640    0.8120     0.0569         -0.0071
  1186    0.0710    2.4360     0.0559         -0.0151
  1187    0.1320    0.8120     0.0939         -0.0381
  1188    0.1140    1.0150     0.0759         -0.0381
  1189    0.0870    1.4210     0.0629         -0.0241
  1190    0.0750    1.6240     0.0569         -0.0181
  1191    0.0950    1.2180     0.0799         -0.0151
  1192    0.0590    2.4360     0.0479         -0.0111
  1193    0.0500    0.8120     0.0389         -0.0111
  1194    0.0760    0.8120     0.0649         -0.0111
  1195    0.0580    0.8120     0.0449         -0.0131
  1196    0.0810    1.2180     0.0409         -0.0401
  1197    0.1330    1.2180     0.0899         -0.0431
  1198    0.0990    2.4360     0.0559         -0.0431
  1199    0.0250    0.6090     0.0109         -0.0141
  1200    0.0530    1.0150     0.0499         -0.0031
  1201    0.0790    1.0150     0.0429         -0.0361
  1202    0.0960    1.0150     0.0599         -0.0361
  1203    0.1050    2.8420     0.0679         -0.0371
  1204    0.0780    1.0150     0.0609         -0.0171
  1205    0.0220    0.4060     0.0089         -0.0131
  1206    0.1240    1.0150     0.0859         -0.0381
  1207    0.1050    1.0150     0.0759         -0.0291
  1208    0.0650    0.8120     0.0429         -0.0221
  1209    0.0550    1.8270     0.0429         -0.0121
  1210    0.0410    0.6090     0.0279         -0.0131
  1211    0.1300    1.0150     0.0879         -0.0421
  1212    0.1360    1.2180     0.0899         -0.0461
  1213    0.1280    1.0150     0.0939         -0.0341
  1214    0.1100    1.0150     0.0949         -0.0151
  1215    0.0700    1.6240     0.0549         -0.0151
  1216    0.0620    1.2180     0.0469         -0.0151
  1217    0.0660    3.8570     0.0559         -0.0101
  1218    0.0670    0.8120     0.0569         -0.0101
  1219    0.1150    1.2180     0.0909         -0.0241
  1220    0.0850    1.0150     0.0609         -0.0241
  1221    0.1150    1.2180     0.0909         -0.0241
  1222    0.0600    1.0150     0.0469         -0.0131
  1223    0.0750    1.4210     0.0599         -0.0151
  1224    0.0790    5.4810     0.0659         -0.0131
  1225    0.1060    1.8270     0.0799         -0.0261
  1226    0.1390    1.0150     0.0999         -0.0391
  1227    0.0540    1.0150     0.0429         -0.0111
  1228    0.0910    0.8120     0.0799         -0.0111
  1229    0.0760    4.0600     0.0649         -0.0111
  1230    0.0730    2.4360     0.0669         -0.0061
  1231    0.0560    1.4210     0.0489         -0.0071
  1232    0.0830    0.6090     0.0759         -0.0071
  1233    0.1040    1.0150     0.0889         -0.0151
  1234    0.0920    2.2330     0.0769         -0.0151
  1235    0.0710    1.0150     0.0579         -0.0131
  1236    0.0960    1.2180     0.0739         -0.0221
  1237    0.1480    1.0150     0.1039         -0.0441
  1238    0.1160    1.4210     0.0719         -0.0441
  1239    0.0970    2.2330     0.0799         -0.0171
  1240    0.0850    1.0150     0.0679         -0.0171
  1241    0.0790    1.2180     0.0629         -0.0161
  1242    0.0820    1.0150     0.0689         -0.0131
  1243    0.0730    1.0150     0.0599         -0.0131
  1244    0.0850    1.4210     0.0779         -0.0071
  1245    0.0860    1.2180     0.0609         -0.0251
  1246    0.1390    1.0150     0.1139         -0.0251
  1247    0.1000    1.0150     0.0759         -0.0241
  1248    0.1080    1.0150     0.0839         -0.0241
  1249    0.1000    1.4210     0.0809         -0.0191
  1250    0.1010    0.8120     0.0879         -0.0131
  1251    0.0890    1.0150     0.0759         -0.0131
  1252    0.0560    0.8120     0.0429         -0.0131
  1253    0.0870    1.2180     0.0739         -0.0131
  1254    0.1000    1.8270     0.0759         -0.0241
  1255    0.1030    1.0150     0.0739         -0.0291
  1256    0.1090    0.6090     0.0799         -0.0291
  1257    0.0530    1.2180     0.0459         -0.0071
  1258    0.0850    1.0150     0.0779         -0.0071
  1259    0.0690    0.8120     0.0679         -0.0011
  1260    0.0780    1.0150     0.0659         -0.0121
  1261    0.0850    0.6090     0.0769         -0.0081
  1262    0.1100    1.4210     0.1019         -0.0081
  1263    0.0580    3.0450     0.0499         -0.0081
  1264    0.0850    0.8120     0.0779         -0.0071
  1265    0.1190    2.4360     0.0879         -0.0311
  1266    0.0850    1.0150     0.0559         -0.0291
  1267    0.0820    2.0300     0.0529         -0.0291
  1268    0.1560    0.8120     0.1239         -0.0321
  1269    0.1230    2.0300     0.0909         -0.0321
  1270    0.0740    1.0150     0.0629         -0.0111
  1271    0.0980    1.0150     0.0799         -0.0181
  1272    0.1110    2.0300     0.0669         -0.0441
  1273    0.1330    1.0150     0.0889         -0.0441
  1274    0.1040    1.0150     0.0719         -0.0321
  1275    0.1030    1.2180     0.0939         -0.0091
  1276    0.0940    3.2480     0.0799         -0.0141
  1277    0.0890    0.8120     0.0739         -0.0151
  1278    0.0680    1.6240     0.0449         -0.0231
  1279    0.0760    2.8420     0.0519         -0.0241
  1280    0.0820    0.8120     0.0579         -0.0241
  1281    0.1090    1.2180     0.0899         -0.0191
  1282    0.1010    0.8120     0.0729         -0.0281
  1283    0.1210    1.0150     0.0909         -0.0301
  1284    0.0960    1.8270     0.0679         -0.0281
  1285    0.1060    1.2180     0.0869         -0.0191
  1286    0.0930    0.6090     0.0739         -0.0191
  1287    0.0640    1.6240     0.0509         -0.0131
  1288    0.0980    1.2180     0.0739         -0.0241
  1289    0.0900    1.0150     0.0659         -0.0241
  1290    0.0830    0.8120     0.0649         -0.0181
  1291    0.0520    0.6090     0.0399         -0.0121
  1292    0.0870    1.0150     0.0679         -0.0191
  1293    0.0790    1.4210     0.0589         -0.0201
  1294    0.0770    1.6240     0.0469         -0.0301
  1295    0.1640    1.0150     0.1169         -0.0471
  1296    0.0940    0.8120     0.0799         -0.0141
  1297    0.0590    1.4210     0.0469         -0.0121
  1298    0.0540    1.0150     0.0489         -0.0051
  1299    0.0470    1.2180     0.0419         -0.0051
  1300    0.0790    1.0150     0.0479         -0.0311
  1301    0.1130    0.8120     0.0819         -0.0311
  1302    0.0450    1.0150     0.0399         -0.0051
  1303    0.0750    1.6240     0.0529         -0.0221
  1304    0.1200    1.0150     0.0939         -0.0261
  1305    0.0770    1.2180     0.0529         -0.0241
  1306    0.0950    0.8120     0.0719         -0.0231
  1307    0.0830    1.0150     0.0629         -0.0201
  1308    0.0820    1.4210     0.0599         -0.0221
  1309    0.0880    0.8120     0.0619         -0.0261
  1310    0.1170    1.0150     0.0909         -0.0261
  1311    0.1340    1.4210     0.0899         -0.0441
  1312    0.0790    1.0150     0.0669         -0.0121
  1313    0.0590    1.4210     0.0469         -0.0121
  1314    0.0790    1.2180     0.0609         -0.0181
  1315    0.1100    2.6390     0.0739         -0.0361
  1316    0.0910    1.0150     0.0719         -0.0191
  1317    0.0810    1.2180     0.0619         -0.0191
  1318    0.0600    1.6240     0.0529         -0.0071
  1319    0.0620    1.0150     0.0549         -0.0071
  1320    0.0210    0.4060     0.0139         -0.0071
  1321    0.0980    1.0150     0.0679         -0.0301
  1322    0.1060    1.0150     0.0759         -0.0301
  1323    0.1370    1.0150     0.1019         -0.0351
  1324    0.1680    1.0150     0.1099         -0.0581
  1325    0.1130    1.0150     0.0899         -0.0231
  1326    0.0950    1.0150     0.0719         -0.0231
  1327    0.0880    1.2180     0.0699         -0.0181
  1328    0.0810    1.4210     0.0629         -0.0181
  1329    0.1330    0.8120     0.1039         -0.0291
  1330    0.1040    1.2180     0.0749         -0.0291
  1331    0.0980    1.2180     0.0719         -0.0261
  1332    0.1110    1.0150     0.0819         -0.0291
  1333    0.0740    3.8570     0.0589         -0.0151
  1334    0.0850    1.8270     0.0659         -0.0191
  1335    0.0760    1.2180     0.0569         -0.0191
  1336    0.1210    1.0150     0.0909         -0.0301
  1337    0.1080    1.0150     0.0859         -0.0221
  1338    0.0780    2.2330     0.0629         -0.0151
  1339    0.1820    1.0150     0.1179         -0.0641
  1340    0.1700    1.0150     0.1059         -0.0641
  1341    0.0560    2.4360     0.0469         -0.0091
  1342    0.0620    1.0150     0.0529         -0.0091
  1343    0.0690    0.8120     0.0569         -0.0121
  1344    0.1050    2.2330     0.0749         -0.0301
  1345    0.0940    1.4210     0.0639         -0.0301
  1346    0.0910    0.8120     0.0759         -0.0151
  1347    0.0910    1.0150     0.0759         -0.0151
  1348    0.0670    0.8120     0.0519         -0.0151
  1349    0.1060    1.0150     0.0869         -0.0191
  1350    0.1160    1.2180     0.0859         -0.0301
  1351    0.0970    1.0150     0.0779         -0.0191
  1352    0.0640    2.0300     0.0509         -0.0131
  1353    0.0820    1.4210     0.0529         -0.0291
  1354    0.1000    1.0150     0.0709         -0.0291
  1355    0.0840    1.8270     0.0479         -0.0361
  1356    0.1280    1.0150     0.0919         -0.0361
  1357    0.0790    1.2180     0.0549         -0.0241
  1358    0.1160    1.2180     0.1009         -0.0151
  1359    0.0750    0.8120     0.0719         -0.0031
  1360    0.0670    5.2780     0.0599         -0.0071
  1361    0.1010    0.8120     0.0749         -0.0261
  1362    0.1040    3.0450     0.0779         -0.0261
  1363    0.0730    0.8120     0.0659         -0.0071
  1364    0.1000    1.0150     0.0829         -0.0171
  1365    0.0830    1.2180     0.0659         -0.0171
  1366    0.0960    1.0150     0.0759         -0.0201
  1367    0.0750    2.2330     0.0549         -0.0201
  1368    0.0740    1.0150     0.0549         -0.0191
  1369    0.0810    1.8270     0.0619         -0.0191
  1370    0.0660    0.8120     0.0489         -0.0171
  1371    0.0980    2.6390     0.0799         -0.0181
  1372    0.0900    1.0150     0.0719         -0.0181
  1373    0.0640    1.6240     0.0549         -0.0091
  1374    0.0870    0.8120     0.0779         -0.0091
  1375    0.0820    1.0150     0.0669         -0.0151
  1376    0.1030    2.2330     0.0729         -0.0301
  1377    0.0910    1.0150     0.0829         -0.0081
  1378    0.0690    0.8120     0.0619         -0.0071
  1379    0.0750    2.2330     0.0669         -0.0081
  1380    0.0940    2.8420     0.0779         -0.0161
  1381    0.1120    0.8120     0.0879         -0.0241
  1382    0.0850    1.0150     0.0609         -0.0241
  1383    0.0900    1.2180     0.0749         -0.0151
  1384    0.0900    1.0150     0.0749         -0.0151
  1385    0.1030    1.2180     0.0879         -0.0151
  1386    0.1020    1.0150     0.0759         -0.0261
  1387    0.0940    4.8720     0.0679         -0.0261
  1388    0.0810    1.0150     0.0699         -0.0111
  1389    0.0730    1.6240     0.0599         -0.0131
  1390    0.1400    1.2180     0.1119         -0.0281
  1391    0.1050    3.8570     0.0789         -0.0261
  1392    0.0980    2.2330     0.0719         -0.0261
  1393    0.0730    0.8120     0.0639         -0.0091
  1394    0.1030    5.2780     0.0899         -0.0131
  1395    0.0780    2.0300     0.0649         -0.0131
  1396    0.1130    1.0150     0.0839         -0.0291
  1397    0.1040    0.8120     0.0929         -0.0111
  1398    0.0750    2.6390     0.0679         -0.0071
  1399    0.1050    0.8120     0.0879         -0.0171
  1400    0.0820    3.2480     0.0649         -0.0171
  1401    0.1130    1.2180     0.1019         -0.0111
  1402    0.0840    1.2180     0.0749         -0.0091
  1403    0.0650    1.0150     0.0539         -0.0111
  1404    0.0780    1.2180     0.0629         -0.0151
  1405    0.1310    1.2180     0.1019         -0.0291
  1406    0.0820    1.0150     0.0739         -0.0081
  1407    0.0740    0.8120     0.0659         -0.0081
  1408    0.0900    1.2180     0.0689         -0.0211
  1409    0.0800    0.8120     0.0589         -0.0211
  1410    0.0710    1.6240     0.0629         -0.0081
  1411    0.1320    2.2330     0.0789         -0.0531
  1412    0.1430    1.2180     0.0899         -0.0531
  1413    0.1010    1.0150     0.0799         -0.0211
  1414    0.0610    0.8120     0.0479         -0.0131
  1415    0.0660    0.8120     0.0529         -0.0131
  1416    0.0790    1.2180     0.0659         -0.0131
  1417    0.0440    0.6090     0.0219         -0.0221
  1418    0.0800    1.0150     0.0579         -0.0221
  1419    0.1200    1.2180     0.0739         -0.0461
  1420    0.0810    0.8120     0.0349         -0.0461
  1421    0.0270    0.6090     0.0089         -0.0181
  1422    0.0450    0.6090     0.0229         -0.0221
  1423    0.0720    1.4210     0.0229         -0.0491
  1424    0.1660    1.0150     0.0979         -0.0681
  1425    0.0880    1.2180     0.0379         -0.0501
  1426    0.0950    1.0150     0.0379         -0.0571
  1427    0.0950    1.2180     0.0279         -0.0671
  1428    0.0500    1.0150     0.0089         -0.0411
  1429    0.0500    1.0150     0.0079         -0.0421
  1430    0.0820    2.2330     0.0059         -0.0761
  1431    0.4450   68.0050     0.0149         -0.4301
  1432    0.0890    2.4360     0.0109         -0.0781
  1433    0.0330    0.8120     0.0119         -0.0211
  1434    0.0360    0.6090     0.0189         -0.0171
  1435    0.0850    1.0150     0.0569         -0.0281
  1436    0.1050    1.0150     0.0709         -0.0341
  1437    0.1130    0.8120     0.0889         -0.0241
  1438    0.1420    2.4360     0.1379         -0.0041
  1439    0.2640   33.4950     0.2589         -0.0051
  1440    0.3060    3.2480     0.2539         -0.0521
  1441    0.2690    2.4360     0.2289         -0.0401
  1442    0.2970    5.2780     0.2409         -0.0561
  1443    0.3010    3.0450     0.2329         -0.0681
  1444    0.3850    2.2330     0.2569         -0.1281
  1445    0.3960    2.4360     0.3079         -0.0881
  1446    0.2890    2.6390     0.2009         -0.0881
  1447    0.3170    2.6390     0.1899         -0.1271
  1448    0.2850    2.2330     0.1909         -0.0941
  1449    0.2120    2.4360     0.1239         -0.0881
  1450    0.2350    2.4360     0.1569         -0.0781
  1451    0.2470    2.2330     0.1319         -0.1151
  1452    0.1990    2.4360     0.1149         -0.0841
  1453    0.2300    2.0300     0.1299         -0.1001
  1454    0.1750    2.2330     0.1039         -0.0711
  1455    0.1720    1.4210     0.0819         -0.0901
  1456    0.1170    1.0150     0.0469         -0.0701
  1457    0.2080    1.4210     0.0979         -0.1101
  1458    0.2050    2.4360     0.1119         -0.0931
  1459    0.1860    1.8270     0.0879         -0.0981
  1460    0.1610    2.4360     0.0619         -0.0991
  1461    0.0880    2.0300     0.0449         -0.0431
  1462    0.1010    0.8120     0.0909         -0.0101
  1463    0.1250    0.8120     0.0019         -0.1231
  1464    0.1360    1.6240     0.0699         -0.0661
  1465    0.0390    0.4060     0.0009         -0.0381
  1466    0.0530    0.8120     0.0049         -0.0481
  1467    0.0760    1.2180     0.0149         -0.0611
  1468    0.1720    1.8270     0.0519         -0.1201
  1469    0.0320    0.6090     0.0109         -0.0211
  1470    0.0520    0.6090     0.0229         -0.0291
  1471    0.1280    1.0150     0.0129         -0.1151
  1472    0.1960    2.2330     0.1019         -0.0941
  1473    0.1460    2.2330     0.0629         -0.0831
  1474    0.0430    1.0150     0.0009         -0.0421
  1475    0.1240    4.0600     0.0109         -0.1131
  1476    0.1150    1.6240     0.0249         -0.0901
  1477    0.1480    3.6540     0.0029         -0.1451
  1478    0.1490    3.8570     0.0149         -0.1341
  1479    0.1650    1.8270     0.0379         -0.1271
  1480    0.1170    2.8420     0.0289         -0.0881
  1481    0.0690    2.0300     0.0069         -0.0621
  1482    0.1140    1.8270     0.0209         -0.0931
  1483    0.1190    2.0300     0.0549         -0.0641
  1484    0.1210    1.2180     0.0209         -0.1001
  1485    0.0700    0.4060     0.0169         -0.0531
  1486    0.0720    1.2180     0.0059         -0.0661
  1487    0.1350    0.8120     0.0479         -0.0871
  1488    0.1210    1.0150     0.0169         -0.1041
  1489    0.1030    0.8120     0.0759         -0.0271
  1490    0.1890    1.2180     0.0479         -0.1411
  1491    0.1600    0.8120     0.0609         -0.0991
  1492    0.0120    0.4060     0.0069         -0.0051
  1493    0.0960    1.2180     0.0309         -0.0651
  1494    0.1110    2.0300     0.0769         -0.0341
  1495    0.1040    1.4210     0.0739         -0.0301
  1496    0.0750    0.6090     0.0419         -0.0331
  1497    0.1260    1.4210     0.0919         -0.0341
  1498    0.2840   14.6160     0.2419         -0.0421
  1499    0.1720    4.2630     0.1669         -0.0051
  1500    0.1030    2.4360     0.0839         -0.0191
  1501    0.1450    6.6990     0.1259         -0.0191
  1502    0.2470    2.4360     0.1769         -0.0701
  1503    0.1660    1.4210     0.1299         -0.0361
  1504    0.0350    0.4060     0.0159         -0.0191
  1505    0.2730    1.6240     0.2089         -0.0641
  1506    0.1520    1.6240     0.1199         -0.0321
  1507    0.1950    1.6240     0.1419         -0.0531
  1508    0.1200    1.4210     0.0829         -0.0371
  1509    0.0620    0.8120     0.0449         -0.0171
  1510    0.0720    1.0150     0.0629         -0.0091
  1511    0.0690    0.8120     0.0509         -0.0181
  1512    0.1150    1.8270     0.0499         -0.0651
  1513    0.0650    0.6090     0.0409         -0.0241
  1514    0.0830    2.2330     0.0329         -0.0501
  1515    0.1940    2.0300     0.1079         -0.0861
  1516    0.1080    1.2180     0.0259         -0.0821
  1517    0.0970    1.2180     0.0269         -0.0701
  1518    0.1670    4.0600     0.0639         -0.1031
  1519    0.0740    1.4210     0.0059         -0.0681
  1520    0.1530    1.4210     0.0619         -0.0911
  1521    0.1680    1.6240     0.0389         -0.1291
  1522    0.1350    1.4210     0.0389         -0.0961
  1523    0.0790    0.8120     0.0169         -0.0621
  1524    0.0980    2.0300     0.0069         -0.0911
  1525    0.1630    1.4210     0.0719         -0.0911
  1526    0.0930    3.0450     0.0129         -0.0801
  1527    0.1420    0.8120     0.0309         -0.1111
  1528    0.1470    1.2180     0.0569         -0.0901
  1529    0.1290    1.2180     0.0389         -0.0901
  1530    0.1200    1.6240     0.0469         -0.0731
  1531    0.1620    1.0150     0.0819         -0.0801
  1532    0.0630    2.2330     0.0059         -0.0571
  1533    0.1020    1.4210     0.0459         -0.0561
  1534    0.0330    1.6240     0.0009         -0.0321
  1535    0.1420    1.2180     0.0639         -0.0781
  1536    0.1580    1.2180     0.0699         -0.0881
  1537    0.1570    1.6240     0.0969         -0.0601
  1538    0.1770    1.2180     0.0869         -0.0901
  1539    0.1010    1.6240     0.0309         -0.0701
  1540    0.0680    1.4210     0.0289         -0.0391
  1541    0.0200    0.8120     0.0079         -0.0121
  1542    0.0510    1.2180     0.0259         -0.0251
  1543    0.1110    1.2180     0.0649         -0.0461
  1544    0.1370    1.8270     0.0569         -0.0801
  1545    0.1350    1.4210     0.0769         -0.0581
  1546    0.0440    0.6090     0.0309         -0.0131
  1547    0.0870    1.2180     0.0569         -0.0301
  1548    0.1160    2.0300     0.0579         -0.0581
  1549    0.1320    0.8120     0.0999         -0.0321
  1550    0.1000    2.0300     0.0459         -0.0541
  1551    0.0860    2.6390     0.0609         -0.0251
  1552    0.0980    1.0150     0.0569         -0.0411
  1553    0.1060    1.0150     0.0599         -0.0461
  1554    0.0940    1.0150     0.0479         -0.0461
  1555    0.0750    1.0150     0.0429         -0.0321
  1556    0.1250    1.2180     0.0559         -0.0691
  1557    0.1290    1.4210     0.0489         -0.0801
  1558    0.1750    1.4210     0.1169         -0.0581
  1559    0.1070    1.2180     0.0359         -0.0711
  1560    0.1080    1.0150     0.0719         -0.0361
  1561    0.0410    0.6090     0.0209         -0.0201
  1562    0.0630    0.8120     0.0219         -0.0411
  1563    0.0500    0.4060     0.0089         -0.0411
  1564    0.0850    1.2180     0.0269         -0.0581
  1565    0.1220    2.4360     0.0609         -0.0611
  1566    0.0600    0.6090     0.0199         -0.0401
  1567    0.0420    1.0150     0.0249         -0.0171
  1568    0.0720    2.0300     0.0139         -0.0581
  1569    0.0770    1.8270     0.0209         -0.0561
  1570    0.1590    1.4210     0.0659         -0.0931
  1571    0.0360    0.8120     0.0029         -0.0331
  1572    0.1010    2.6390     0.0249         -0.0761
  1573    0.1250    1.2180     0.0219         -0.1031
  1574    0.1260    1.0150     0.0359         -0.0901
  1575    0.1070    2.0300     0.0249         -0.0821
  1576    0.0900    2.6390     0.0079         -0.0821
  1577    0.1190    2.2330     0.0369         -0.0821
  1578    0.0340    0.8120     0.0019         -0.0321
  1579    0.1290    2.2330     0.0409         -0.0881
  1580    0.1050    1.6240     0.0349         -0.0701
  1581    0.0660    1.0150     0.0059         -0.0601
  1582    0.1620    2.2330     0.0569         -0.1051
  1583    0.1910    1.4210     0.0639         -0.1271
  1584    0.0550    1.0150     0.0189         -0.0361
  1585    0.1670    1.2180     0.0449         -0.1221
  1586    0.0770    2.4360     0.0119         -0.0651
  1587    0.0710    0.8120     0.0349         -0.0361
  1588    0.1190    2.2330     0.0449         -0.0741
  1589    0.0530    1.8270     0.0049         -0.0481
  1590    0.0350    0.6090     0.0009         -0.0341
  1591    0.1630    1.2180     0.0369         -0.1261
  1592    0.0720    1.0150     0.0149         -0.0571
  1593    0.0670    1.2180     0.0329         -0.0341
  1594    0.0640    1.0150     0.0079         -0.0561
  1595    0.0780    1.6240     0.0179         -0.0601
  1596    0.0420    0.8120     0.0109         -0.0311
  1597    0.0760    0.6090     0.0549         -0.0211
  1598    0.0790    0.8120     0.0189         -0.0601
  1599    0.0670    1.0150     0.0289         -0.0381
  1600    0.0950    0.8120     0.0589         -0.0361
  1601    0.0450    1.2180     0.0049         -0.0401
  1602    0.0910    0.8120     0.0669         -0.0241
  1603    0.0630    0.8120     0.0249         -0.0381
  1604    0.0630    1.2180     0.0249         -0.0381
  1605    0.0640    1.0150     0.0589         -0.0051
  1606    0.0230    0.4060     0.0169         -0.0061
  1607    0.0440    0.8120     0.0169         -0.0271
  1608    0.0890    1.2180     0.0569         -0.0321
  1609    0.1010    1.0150     0.0629         -0.0381
  1610    0.0880    1.8270     0.0539         -0.0341
  1611    0.0500    0.8120     0.0369         -0.0131
  1612    0.0520    1.2180     0.0359         -0.0161
  1613    0.1300    1.0150     0.0829         -0.0471
  1614    0.1150    1.4210     0.0809         -0.0341
  1615    0.0640    0.6090     0.0319         -0.0321
  1616    0.0890    1.8270     0.0569         -0.0321
  1617    0.0740    1.0150     0.0619         -0.0121
  1618    0.1570    1.4210     0.1059         -0.0511
  1619    0.1540    1.2180     0.1029         -0.0511
  1620    0.0620    0.6090     0.0429         -0.0191
  1621    0.1200    2.0300     0.0879         -0.0321
  1622    0.1130    1.4210     0.0809         -0.0321
  1623    0.1200    1.2180     0.0849         -0.0351
  1624    0.1490    1.2180     0.1139         -0.0351
  1625    0.1900    1.2180     0.1259         -0.0641
  1626    0.0790    2.0300     0.0649         -0.0141
  1627    0.0880    1.8270     0.0619         -0.0261
  1628    0.1080    2.2330     0.0659         -0.0421
  1629    0.0910    2.2330     0.0509         -0.0401
  1630    0.0690    0.6090     0.0449         -0.0241
  1631    0.1080    1.0150     0.0839         -0.0241
  1632    0.0760    0.8120     0.0459         -0.0301
  1633    0.0460    0.6090     0.0179         -0.0281
  1634    0.0740    1.4210     0.0509         -0.0231
  1635    0.0560    1.0150     0.0319         -0.0241
  1636    0.0810    1.4210     0.0389         -0.0421
  1637    0.1310    1.2180     0.0739         -0.0571
  1638    0.0930    1.2180     0.0589         -0.0341
  1639    0.0770    1.6240     0.0349         -0.0421
  1640    0.0730    0.8120     0.0169         -0.0561
  1641    0.1790    1.0150     0.0909         -0.0881
  1642    0.1110    1.4210     0.0489         -0.0621
  1643    0.1580    1.4210     0.0619         -0.0961
  1644    0.0820    1.0150     0.0399         -0.0421
  1645    0.0830    1.0150     0.0149         -0.0681
  1646    0.0970    4.2630     0.0289         -0.0681
  1647    0.1100    3.4510     0.0329         -0.0771
  1648    0.1610    2.4360     0.0799         -0.0811
  1649    0.0820    1.2180     0.0089         -0.0731
  1650    0.0780    0.6090     0.0049         -0.0731
  1651    0.0960    0.8120     0.0149         -0.0811
  1652    0.1050    1.0150     0.0289         -0.0761
  1653    0.0920    0.8120     0.0029         -0.0891
  1654    0.0970    1.0150     0.0149         -0.0821
  1655    0.1100    1.6240     0.0299         -0.0801
  1656    0.0990    3.2480     0.0129         -0.0861
  1657    0.1100    1.6240     0.0189         -0.0911
  1658    0.1590    1.0150     0.0639         -0.0951
  1659    0.1540    1.2180     0.0599         -0.0941
  1660    0.1100    1.0150     0.0409         -0.0691
  1661    0.1350    1.2180     0.0459         -0.0891
  1662    0.0990    1.2180     0.0269         -0.0721
  1663    0.1150    1.2180     0.0289         -0.0861
  1664    0.0760    1.2180     0.0079         -0.0681
  1665    0.0830    0.8120     0.0099         -0.0731
  1666    0.1140    2.0300     0.0409         -0.0731
  1667    0.0350    0.8120     0.0029         -0.0321
  1668    0.0590    2.0300     0.0239         -0.0351
  1669    0.0820    1.0150     0.0309         -0.0511
  1670    0.0660    2.2330     0.0179         -0.0481
  1671    0.0400    0.6090     0.0099         -0.0301
  1672    0.0350    0.4060     0.0049         -0.0301
  1673    0.0500    0.8120     0.0399         -0.0101
  1674    0.0930    1.0150     0.0269         -0.0661
  1675    0.0340    0.6090     0.0249         -0.0091
  1676    0.0730    2.0300     0.0179         -0.0551
  1677    0.1330    1.0150     0.0839         -0.0491
  1678    0.1170    1.2180     0.0429         -0.0741
  1679    0.0730    1.4210     0.0539         -0.0191
  1680    0.0140    0.8120     0.0009         -0.0131
  1681    0.0080    0.4060     0.0049         -0.0031
  1682    0.0710    0.8120     0.0459         -0.0251
  1683    0.0260    0.8120     0.0009         -0.0251
  1684    0.0210    0.6090     0.0029         -0.0181
  1685    0.1040    1.4210     0.0659         -0.0381
  1686    0.0480    0.6090     0.0249         -0.0231
  1687    0.1550    1.4210     0.0879         -0.0671
  1688    0.1040    1.0150     0.0369         -0.0671
  1689    0.0120    1.0150     0.0069         -0.0051
  1690    0.0770    1.0150     0.0409         -0.0361
  1691    0.0950    1.0150     0.0589         -0.0361
  1692    0.0500    2.4360     0.0309         -0.0191
  1693    0.0280    0.6090     0.0089         -0.0191
  1694    0.0920    2.2330     0.0389         -0.0531
  1695    0.0650    1.2180     0.0509         -0.0141
  1696    0.0910    1.4210     0.0429         -0.0481
  1697    0.0980    1.6240     0.0499         -0.0481
  1698    0.1260    1.2180     0.0759         -0.0501
  1699    0.1180    1.2180     0.0819         -0.0361
  1700    0.0900    1.2180     0.0679         -0.0221
  1701    0.1020    1.0150     0.0679         -0.0341
  1702    0.1020    3.0450     0.0679         -0.0341
  1703    0.0780    1.6240     0.0619         -0.0161
  1704    0.0540    2.0300     0.0399         -0.0141
  1705    0.0890    0.8120     0.0679         -0.0211
  1706    0.0360    1.4210     0.0269         -0.0091
  1707    0.0690    2.4360     0.0379         -0.0311
  1708    0.1350    1.0150     0.1039         -0.0311
  1709    0.0930    1.2180     0.0499         -0.0431
  1710    0.1110    1.2180     0.0679         -0.0431
  1711    0.1240    1.0150     0.0859         -0.0381
  1712    0.0650    1.2180     0.0429         -0.0221
  1713    0.0480    1.6240     0.0289         -0.0191
  1714    0.1400    1.4210     0.0979         -0.0421
  1715    0.0680    1.0150     0.0489         -0.0191
  1716    0.0730    1.0150     0.0519         -0.0211
  1717    0.0650    2.6390     0.0439         -0.0211
  1718    0.0850    0.8120     0.0579         -0.0271
  1719    0.0730    1.0150     0.0369         -0.0361
  1720    0.1080    2.2330     0.0719         -0.0361
  1721    0.0830    1.8270     0.0509         -0.0321
  1722    0.0810    1.0150     0.0569         -0.0241
  1723    0.0740    2.4360     0.0569         -0.0171
  1724    0.0650    1.0150     0.0479         -0.0171
  1725    0.0710    1.0150     0.0609         -0.0101
  1726    0.0240    0.4060     0.0099         -0.0141
  1727    0.1280    1.0150     0.0879         -0.0401
  1728    0.0950    1.0150     0.0549         -0.0401
  1729    0.0950    1.0150     0.0759         -0.0191
  1730    0.0560    2.8420     0.0279         -0.0281
  1731    0.0800    1.4210     0.0499         -0.0301
  1732    0.1060    0.8120     0.0519         -0.0541
  1733    0.1080    1.4210     0.0679         -0.0401
  1734    0.0840    2.0300     0.0449         -0.0391
  1735    0.0250    0.8120     0.0159         -0.0091
  1736    0.0460    1.4210     0.0079         -0.0381
  1737    0.0260    0.6090     0.0019         -0.0241
  1738    0.0730    1.2180     0.0409         -0.0321
  1739    0.1180    1.4210     0.0229         -0.0951
  1740    0.1280    1.8270     0.0799         -0.0481
  1741    0.0770    0.6090     0.0329         -0.0441
  1742    0.1390    1.2180     0.0489         -0.0901
  1743    0.0800    1.0150     0.0139         -0.0661
  1744    0.1200    1.4210     0.0469         -0.0731
  1745    0.1170    2.4360     0.0509         -0.0661
  1746    0.0710    1.0150     0.0249         -0.0461
  1747    0.0290    0.4060     0.0069         -0.0221
  1748    0.0630    1.0150     0.0149         -0.0481
  1749    0.0760    1.2180     0.0239         -0.0521
  1750    0.0920    1.2180     0.0419         -0.0501
  1751    0.0690    1.0150     0.0269         -0.0421
  1752    0.1020    1.0150     0.0489         -0.0531
  1753    0.0540    1.2180     0.0119         -0.0421
  1754    0.0240    0.4060     0.0009         -0.0231
  1755    0.0410    0.8120     0.0099         -0.0311
  1756    0.0640    1.0150     0.0099         -0.0541
  1757    0.0320    0.4060     0.0259         -0.0061
  1758    0.0570    0.6090     0.0279         -0.0291
  1759    0.0470    1.0150     0.0069         -0.0401
  1760    0.0470    0.8120     0.0109         -0.0361
  1761    0.0480    0.4060     0.0119         -0.0361
  1762    0.0450    0.6090     0.0069         -0.0381
  1763    0.0510    0.8120     0.0249         -0.0261
  1764    0.0620    0.8120     0.0289         -0.0331
  1765    0.1060    1.0150     0.0159         -0.0901
  1766    0.1080    1.2180     0.0699         -0.0381
  1767    0.1190    0.8120     0.0549         -0.0641
  1768    0.0680    1.2180     0.0359         -0.0321
  1769    0.0530    0.8120     0.0289         -0.0241
  1770    0.0700    1.0150     0.0559         -0.0141
  1771    0.0610    0.8120     0.0169         -0.0441
  1772    0.1120    1.4210     0.0629         -0.0491
  1773    0.0910    1.6240     0.0319         -0.0591
  1774    0.0950    0.8120     0.0329         -0.0621
  1775    0.0960    1.4210     0.0479         -0.0481
  1776    0.1170    1.0150     0.0599         -0.0571
  1777    0.0760    1.2180     0.0169         -0.0591
  1778    0.0350    0.4060     0.0049         -0.0301
  1779    0.0300    0.8120     0.0089         -0.0211
  1780    0.0930    1.0150     0.0669         -0.0261
  1781    0.1340    1.6240     0.0719         -0.0621
  1782    0.0610    1.4210     0.0409         -0.0201
  1783    0.0490    0.8120     0.0459         -0.0031
  1784    0.0660    1.0150     0.0189         -0.0471
  1785    0.0690    1.0150     0.0229         -0.0461
  1786    0.1010    0.8120     0.0569         -0.0441
  1787    0.0300    0.6090     0.0069         -0.0231
  1788    0.0740    0.8120     0.0349         -0.0391
  1789    0.0500    0.8120     0.0229         -0.0271
  1790    0.0950    0.6090     0.0679         -0.0271
  1791    0.0430    2.0300     0.0179         -0.0251
  1792    0.0800    1.2180     0.0579         -0.0221
  1793    0.0280    0.4060     0.0049         -0.0231
  1794    0.1360    1.0150     0.0779         -0.0581
  1795    0.0650    0.8120     0.0369         -0.0281
  1796    0.0560    1.4210     0.0299         -0.0261
  1797    0.0300    0.6090     0.0129         -0.0171
  1798    0.0220    0.4060     0.0189         -0.0031
  1799    0.0690    1.0150     0.0269         -0.0421
  1800    0.1100    1.2180     0.0699         -0.0401
